2024-08-20 13:34:59,842 - root - INFO - Polling for new reviews for config MapAttribute(business_id='pearls-deluxe-burgers-san-francisco-3', company_id='google') since 2024-08-19T21:33:23+00:00
2024-08-20 13:34:59,842 - root - INFO - Polling for new reviews for config MapAttribute(business_id='pearls-deluxe-burgers-san-francisco-3', company_id='google') since 2024-08-19T21:33:23+00:00
2024-08-20 13:34:59,842 - root - INFO - Fetching reviews for business_id: pearls-deluxe-burgers-san-francisco-3, company_id: google, last_sync: 2024-08-19 21:33:23+00:00, n_reviews: inf, start_offset: 0
2024-08-20 13:34:59,842 - root - INFO - Fetching reviews for business_id: pearls-deluxe-burgers-san-francisco-3, company_id: google, last_sync: 2024-08-19 21:33:23+00:00, n_reviews: inf, start_offset: 0
2024-08-20 13:34:59,843 - root - INFO - Fetching page 1 (attempt 1/5)
2024-08-20 13:34:59,843 - root - INFO - Fetching page 1 (attempt 1/5)
2024-08-20 13:35:05,450 - root - WARNING - response: <Response [200]>
2024-08-20 13:35:05,450 - root - WARNING - response: <Response [200]>
2024-08-20 13:35:05,452 - root - INFO - No new reviews found on page 1. Stopping fetch.
2024-08-20 13:35:05,452 - root - INFO - No new reviews found on page 1. Stopping fetch.
2024-08-20 13:35:05,452 - root - ERROR - Error fetching new reviews: slice indices must be integers or None or have an __index__ method
2024-08-20 13:35:05,452 - root - ERROR - Error fetching new reviews: slice indices must be integers or None or have an __index__ method
2024-08-20 13:35:05,452 - root - INFO - Polled new reviews for YelpConnector
2024-08-20 13:35:05,452 - root - INFO - Polled new reviews for YelpConnector
2024-08-20 13:35:05,454 - werkzeug - INFO - 127.0.0.1 - - [20/Aug/2024 13:35:05] "[35m[1mPOST /reviews HTTP/1.1[0m" 202 -
2024-08-20 13:35:05,454 - werkzeug - INFO - 127.0.0.1 - - [20/Aug/2024 13:35:05] "[35m[1mPOST /reviews HTTP/1.1[0m" 202 -
2024-08-20 13:39:08,331 - werkzeug - INFO -  * Detected change in '/Users/daniel/opinio-services/models/models.py', reloading
2024-08-20 13:39:08,331 - werkzeug - INFO -  * Detected change in '/Users/daniel/opinio-services/models/models.py', reloading
2024-08-20 13:49:04,992 - root - INFO - Polling for new reviews for config MapAttribute(business_id='pearls-deluxe-burgers-san-francisco-3') since 2024-08-19T21:33:23+00:00
2024-08-20 13:49:04,992 - root - INFO - Polling for new reviews for config MapAttribute(business_id='pearls-deluxe-burgers-san-francisco-3') since 2024-08-19T21:33:23+00:00
2024-08-20 13:49:05,006 - root - INFO - Fetching reviews for business_id: pearls-deluxe-burgers-san-francisco-3, company_id: google, last_sync: 2024-08-19 21:33:23+00:00, n_reviews: inf, start_offset: 0
2024-08-20 13:49:05,006 - root - INFO - Fetching reviews for business_id: pearls-deluxe-burgers-san-francisco-3, company_id: google, last_sync: 2024-08-19 21:33:23+00:00, n_reviews: inf, start_offset: 0
2024-08-20 13:49:05,008 - root - INFO - Fetching page 1 (attempt 1/5)
2024-08-20 13:49:05,008 - root - INFO - Fetching page 1 (attempt 1/5)
2024-08-20 13:49:14,037 - root - WARNING - response: <Response [200]>
2024-08-20 13:49:14,037 - root - WARNING - response: <Response [200]>
2024-08-20 13:49:14,039 - root - INFO - No new reviews found on page 1. Stopping fetch.
2024-08-20 13:49:14,039 - root - INFO - No new reviews found on page 1. Stopping fetch.
2024-08-20 13:49:14,039 - root - ERROR - Error fetching reviews: slice indices must be integers or None or have an __index__ method
2024-08-20 13:49:14,039 - root - ERROR - Error fetching reviews: slice indices must be integers or None or have an __index__ method
2024-08-20 13:49:14,101 - root - INFO - Polled new reviews for YelpConnector
2024-08-20 13:49:14,101 - root - INFO - Polled new reviews for YelpConnector
2024-08-20 13:49:14,106 - werkzeug - INFO - 127.0.0.1 - - [20/Aug/2024 13:49:14] "[35m[1mPOST /reviews HTTP/1.1[0m" 202 -
2024-08-20 13:49:14,106 - werkzeug - INFO - 127.0.0.1 - - [20/Aug/2024 13:49:14] "[35m[1mPOST /reviews HTTP/1.1[0m" 202 -
2024-08-20 13:50:10,469 - werkzeug - INFO -  * Detected change in '/Users/daniel/opinio-services/models/models.py', reloading
2024-08-20 13:50:10,469 - werkzeug - INFO -  * Detected change in '/Users/daniel/opinio-services/models/models.py', reloading
2024-08-20 13:51:16,624 - root - INFO - Polling for new reviews for config MapAttribute(business_id='pearls-deluxe-burgers-san-francisco-3') since 2024-08-19T21:33:23+00:00
2024-08-20 13:51:16,624 - root - INFO - Polling for new reviews for config MapAttribute(business_id='pearls-deluxe-burgers-san-francisco-3') since 2024-08-19T21:33:23+00:00
2024-08-20 13:51:16,641 - root - INFO - Fetching reviews for business_id: pearls-deluxe-burgers-san-francisco-3, company_id: google, last_sync: 2024-08-19 21:33:23+00:00, n_reviews: inf, start_offset: 0
2024-08-20 13:51:16,641 - root - INFO - Fetching reviews for business_id: pearls-deluxe-burgers-san-francisco-3, company_id: google, last_sync: 2024-08-19 21:33:23+00:00, n_reviews: inf, start_offset: 0
2024-08-20 13:51:16,642 - root - INFO - Fetching page 1 (attempt 1/5)
2024-08-20 13:51:16,642 - root - INFO - Fetching page 1 (attempt 1/5)
2024-08-20 13:51:21,344 - root - WARNING - response: <Response [200]>
2024-08-20 13:51:21,344 - root - WARNING - response: <Response [200]>
2024-08-20 13:51:21,345 - root - INFO - No new reviews found on page 1. Stopping fetch.
2024-08-20 13:51:21,345 - root - INFO - No new reviews found on page 1. Stopping fetch.
2024-08-20 13:51:21,346 - root - ERROR - Error fetching reviews: slice indices must be integers or None or have an __index__ method
2024-08-20 13:51:21,346 - root - ERROR - Error fetching reviews: slice indices must be integers or None or have an __index__ method
2024-08-20 13:51:21,377 - root - INFO - Polled new reviews for YelpConnector
2024-08-20 13:51:21,377 - root - INFO - Polled new reviews for YelpConnector
2024-08-20 13:51:21,380 - werkzeug - INFO - 127.0.0.1 - - [20/Aug/2024 13:51:21] "[35m[1mPOST /reviews HTTP/1.1[0m" 202 -
2024-08-20 13:51:21,380 - werkzeug - INFO - 127.0.0.1 - - [20/Aug/2024 13:51:21] "[35m[1mPOST /reviews HTTP/1.1[0m" 202 -
2024-08-20 13:52:05,701 - werkzeug - INFO -  * Detected change in '/Users/daniel/opinio-services/models/models.py', reloading
2024-08-20 13:52:05,701 - werkzeug - INFO -  * Detected change in '/Users/daniel/opinio-services/models/models.py', reloading
2024-08-20 13:52:42,840 - root - INFO - Starting initial onboarding for config MapAttribute(business_id='pearls-deluxe-burgers-san-francisco-3'), fetching 10 reviews
2024-08-20 13:52:42,840 - root - INFO - Starting initial onboarding for config MapAttribute(business_id='pearls-deluxe-burgers-san-francisco-3'), fetching 10 reviews
2024-08-20 13:52:42,853 - root - INFO - No last sync date provided, fetching all reviews.
2024-08-20 13:52:42,853 - root - INFO - No last sync date provided, fetching all reviews.
2024-08-20 13:52:42,854 - root - INFO - Fetching reviews for business_id: pearls-deluxe-burgers-san-francisco-3, company_id: google, last_sync: None, n_reviews: 10, start_offset: 0
2024-08-20 13:52:42,854 - root - INFO - Fetching reviews for business_id: pearls-deluxe-burgers-san-francisco-3, company_id: google, last_sync: None, n_reviews: 10, start_offset: 0
2024-08-20 13:52:42,854 - root - INFO - Fetching page 1 (attempt 1/5)
2024-08-20 13:52:42,854 - root - INFO - Fetching page 1 (attempt 1/5)
2024-08-20 13:52:46,666 - root - WARNING - response: <Response [200]>
2024-08-20 13:52:46,666 - root - WARNING - response: <Response [200]>
2024-08-20 13:52:46,668 - root - INFO - Fetched 4 new reviews, total fetched: 4
2024-08-20 13:52:46,668 - root - INFO - Fetched 4 new reviews, total fetched: 4
2024-08-20 13:52:46,694 - root - INFO - Fetching page 2 (attempt 1/5)
2024-08-20 13:52:46,694 - root - INFO - Fetching page 2 (attempt 1/5)
2024-08-20 13:52:48,312 - root - WARNING - response: <Response [400]>
2024-08-20 13:52:48,312 - root - WARNING - response: <Response [400]>
2024-08-20 13:52:48,313 - root - WARNING - Request failed: 400 Client Error: Bad Request for url: https://red-flower-business-data.p.rapidapi.com/business-reviews?business_id=pearls-deluxe-burgers-san-francisco-3&page=2&page_size=4&num_pages=1&sort=NEWEST&language=en. Retrying in 1.00 seconds... (attempt 1/5)
2024-08-20 13:52:48,313 - root - WARNING - Request failed: 400 Client Error: Bad Request for url: https://red-flower-business-data.p.rapidapi.com/business-reviews?business_id=pearls-deluxe-burgers-san-francisco-3&page=2&page_size=4&num_pages=1&sort=NEWEST&language=en. Retrying in 1.00 seconds... (attempt 1/5)
2024-08-20 13:52:49,318 - root - INFO - Fetching page 2 (attempt 2/5)
2024-08-20 13:52:49,318 - root - INFO - Fetching page 2 (attempt 2/5)
2024-08-20 13:52:54,053 - root - WARNING - response: <Response [200]>
2024-08-20 13:52:54,053 - root - WARNING - response: <Response [200]>
2024-08-20 13:52:54,055 - root - INFO - Fetched 4 new reviews, total fetched: 8
2024-08-20 13:52:54,055 - root - INFO - Fetched 4 new reviews, total fetched: 8
2024-08-20 13:52:54,084 - root - INFO - Fetching page 3 (attempt 1/5)
2024-08-20 13:52:54,084 - root - INFO - Fetching page 3 (attempt 1/5)
2024-08-20 13:52:58,954 - root - WARNING - response: <Response [200]>
2024-08-20 13:52:58,954 - root - WARNING - response: <Response [200]>
2024-08-20 13:52:58,955 - root - INFO - Fetched 4 new reviews, total fetched: 12
2024-08-20 13:52:58,955 - root - INFO - Fetched 4 new reviews, total fetched: 12
2024-08-20 13:53:14,463 - root - INFO - Updated last_sync for Yelp connector (business_id: pearls-deluxe-burgers-san-francisco-3) to 2024-08-19T21:33:23+00:00
2024-08-20 13:53:14,463 - root - INFO - Updated last_sync for Yelp connector (business_id: pearls-deluxe-burgers-san-francisco-3) to 2024-08-19T21:33:23+00:00
2024-08-20 13:53:14,492 - root - INFO - Starting review analysis
2024-08-20 13:53:14,492 - root - INFO - Starting review analysis
2024-08-20 13:53:14,925 - gensim.corpora.dictionary - INFO - adding document #0 to Dictionary<0 unique tokens: []>
2024-08-20 13:53:14,925 - gensim.corpora.dictionary - INFO - adding document #0 to Dictionary<0 unique tokens: []>
2024-08-20 13:53:14,926 - gensim.corpora.dictionary - INFO - built Dictionary<213 unique tokens: ['back', 'burgers', 'definitely', 'fries', 'options']...> from 10 documents (total 303 corpus positions)
2024-08-20 13:53:14,926 - gensim.corpora.dictionary - INFO - built Dictionary<213 unique tokens: ['back', 'burgers', 'definitely', 'fries', 'options']...> from 10 documents (total 303 corpus positions)
2024-08-20 13:53:14,926 - gensim.utils - INFO - Dictionary lifecycle event {'msg': "built Dictionary<213 unique tokens: ['back', 'burgers', 'definitely', 'fries', 'options']...> from 10 documents (total 303 corpus positions)", 'datetime': '2024-08-20T13:53:14.926476', 'gensim': '4.3.3', 'python': '3.11.4 (main, Jun 20 2023, 17:23:00) [Clang 14.0.3 (clang-1403.0.22.14.1)]', 'platform': 'macOS-14.0-arm64-arm-64bit', 'event': 'created'}
2024-08-20 13:53:14,926 - gensim.utils - INFO - Dictionary lifecycle event {'msg': "built Dictionary<213 unique tokens: ['back', 'burgers', 'definitely', 'fries', 'options']...> from 10 documents (total 303 corpus positions)", 'datetime': '2024-08-20T13:53:14.926476', 'gensim': '4.3.3', 'python': '3.11.4 (main, Jun 20 2023, 17:23:00) [Clang 14.0.3 (clang-1403.0.22.14.1)]', 'platform': 'macOS-14.0-arm64-arm-64bit', 'event': 'created'}
2024-08-20 13:53:14,927 - gensim.models.ldamodel - INFO - using symmetric alpha at 0.1
2024-08-20 13:53:14,927 - gensim.models.ldamodel - INFO - using symmetric alpha at 0.1
2024-08-20 13:53:14,927 - gensim.models.ldamodel - INFO - using symmetric eta at 0.1
2024-08-20 13:53:14,927 - gensim.models.ldamodel - INFO - using symmetric eta at 0.1
2024-08-20 13:53:14,928 - gensim.models.ldamodel - INFO - using serial LDA version on this node
2024-08-20 13:53:14,928 - gensim.models.ldamodel - INFO - using serial LDA version on this node
2024-08-20 13:53:14,932 - gensim.models.ldamodel - INFO - running online (multi-pass) LDA training, 10 topics, 20 passes over the supplied corpus of 10 documents, updating model once every 10 documents, evaluating perplexity every 10 documents, iterating 150x with a convergence threshold of 0.001000
2024-08-20 13:53:14,932 - gensim.models.ldamodel - INFO - running online (multi-pass) LDA training, 10 topics, 20 passes over the supplied corpus of 10 documents, updating model once every 10 documents, evaluating perplexity every 10 documents, iterating 150x with a convergence threshold of 0.001000
2024-08-20 13:53:14,940 - gensim.models.ldamodel - INFO - -13.852 per-word bound, 14782.6 perplexity estimate based on a held-out corpus of 10 documents with 303 words
2024-08-20 13:53:14,940 - gensim.models.ldamodel - INFO - -13.852 per-word bound, 14782.6 perplexity estimate based on a held-out corpus of 10 documents with 303 words
2024-08-20 13:53:14,941 - gensim.models.ldamodel - INFO - PROGRESS: pass 0, at document #10/10
2024-08-20 13:53:14,941 - gensim.models.ldamodel - INFO - PROGRESS: pass 0, at document #10/10
2024-08-20 13:53:14,948 - gensim.models.ldamodel - INFO - topic #9 (0.100): 0.005*"burgers" + 0.005*"milkshakes" + 0.005*"burger" + 0.005*"options" + 0.005*"service" + 0.005*"phat" + 0.005*"home" + 0.005*"staff" + 0.005*"fries" + 0.005*"approved"
2024-08-20 13:53:14,948 - gensim.models.ldamodel - INFO - topic #9 (0.100): 0.005*"burgers" + 0.005*"milkshakes" + 0.005*"burger" + 0.005*"options" + 0.005*"service" + 0.005*"phat" + 0.005*"home" + 0.005*"staff" + 0.005*"fries" + 0.005*"approved"
2024-08-20 13:53:14,949 - gensim.models.ldamodel - INFO - topic #6 (0.100): 0.032*"burger" + 0.026*"best" + 0.026*"milkshakes" + 0.021*"friendly" + 0.019*"bbq" + 0.017*"milkshake" + 0.016*"oreo" + 0.015*"fries" + 0.015*"garlic" + 0.014*"pies"
2024-08-20 13:53:14,949 - gensim.models.ldamodel - INFO - topic #6 (0.100): 0.032*"burger" + 0.026*"best" + 0.026*"milkshakes" + 0.021*"friendly" + 0.019*"bbq" + 0.017*"milkshake" + 0.016*"oreo" + 0.015*"fries" + 0.015*"garlic" + 0.014*"pies"
2024-08-20 13:53:14,949 - gensim.models.ldamodel - INFO - topic #2 (0.100): 0.058*"burger" + 0.026*"sauce" + 0.023*"usually" + 0.023*"meat" + 0.023*"flavor" + 0.014*"tables" + 0.014*"dining" + 0.012*"mayo" + 0.012*"sesame" + 0.012*"preferred"
2024-08-20 13:53:14,949 - gensim.models.ldamodel - INFO - topic #2 (0.100): 0.058*"burger" + 0.026*"sauce" + 0.023*"usually" + 0.023*"meat" + 0.023*"flavor" + 0.014*"tables" + 0.014*"dining" + 0.012*"mayo" + 0.012*"sesame" + 0.012*"preferred"
2024-08-20 13:53:14,949 - gensim.models.ldamodel - INFO - topic #3 (0.100): 0.045*"burgers" + 0.024*"called" + 0.024*"milkshakes" + 0.024*"staff" + 0.024*"online" + 0.024*"never" + 0.024*"phone" + 0.024*"miss" + 0.024*"ordered" + 0.024*"quick"
2024-08-20 13:53:14,949 - gensim.models.ldamodel - INFO - topic #3 (0.100): 0.045*"burgers" + 0.024*"called" + 0.024*"milkshakes" + 0.024*"staff" + 0.024*"online" + 0.024*"never" + 0.024*"phone" + 0.024*"miss" + 0.024*"ordered" + 0.024*"quick"
2024-08-20 13:53:14,949 - gensim.models.ldamodel - INFO - topic #7 (0.100): 0.005*"burger" + 0.005*"milkshakes" + 0.005*"burgers" + 0.005*"service" + 0.005*"bob" + 0.005*"rings" + 0.005*"definitely" + 0.005*"home" + 0.005*"fries" + 0.005*"specialty"
2024-08-20 13:53:14,949 - gensim.models.ldamodel - INFO - topic #7 (0.100): 0.005*"burger" + 0.005*"milkshakes" + 0.005*"burgers" + 0.005*"service" + 0.005*"bob" + 0.005*"rings" + 0.005*"definitely" + 0.005*"home" + 0.005*"fries" + 0.005*"specialty"
2024-08-20 13:53:14,950 - gensim.models.ldamodel - INFO - topic diff=7.066205, rho=1.000000
2024-08-20 13:53:14,950 - gensim.models.ldamodel - INFO - topic diff=7.066205, rho=1.000000
2024-08-20 13:53:14,952 - gensim.models.ldamodel - INFO - -6.134 per-word bound, 70.2 perplexity estimate based on a held-out corpus of 10 documents with 303 words
2024-08-20 13:53:14,952 - gensim.models.ldamodel - INFO - -6.134 per-word bound, 70.2 perplexity estimate based on a held-out corpus of 10 documents with 303 words
2024-08-20 13:53:14,952 - gensim.models.ldamodel - INFO - PROGRESS: pass 1, at document #10/10
2024-08-20 13:53:14,952 - gensim.models.ldamodel - INFO - PROGRESS: pass 1, at document #10/10
2024-08-20 13:53:14,953 - gensim.models.ldamodel - INFO - topic #3 (0.100): 0.045*"burgers" + 0.024*"called" + 0.024*"staff" + 0.024*"milkshakes" + 0.024*"online" + 0.024*"never" + 0.024*"phone" + 0.024*"miss" + 0.024*"ordered" + 0.024*"quick"
2024-08-20 13:53:14,953 - gensim.models.ldamodel - INFO - topic #3 (0.100): 0.045*"burgers" + 0.024*"called" + 0.024*"staff" + 0.024*"milkshakes" + 0.024*"online" + 0.024*"never" + 0.024*"phone" + 0.024*"miss" + 0.024*"ordered" + 0.024*"quick"
2024-08-20 13:53:14,953 - gensim.models.ldamodel - INFO - topic #6 (0.100): 0.032*"burger" + 0.023*"best" + 0.023*"milkshakes" + 0.021*"friendly" + 0.021*"bbq" + 0.020*"milkshake" + 0.020*"oreo" + 0.019*"fries" + 0.019*"garlic" + 0.012*"pies"
2024-08-20 13:53:14,953 - gensim.models.ldamodel - INFO - topic #6 (0.100): 0.032*"burger" + 0.023*"best" + 0.023*"milkshakes" + 0.021*"friendly" + 0.021*"bbq" + 0.020*"milkshake" + 0.020*"oreo" + 0.019*"fries" + 0.019*"garlic" + 0.012*"pies"
2024-08-20 13:53:14,953 - gensim.models.ldamodel - INFO - topic #0 (0.100): 0.059*"always" + 0.021*"friendly" + 0.021*"lease" + 0.021*"overall" + 0.021*"vibe" + 0.021*"cooked" + 0.021*"mercy" + 0.021*"prices" + 0.021*"burgers" + 0.021*"come"
2024-08-20 13:53:14,953 - gensim.models.ldamodel - INFO - topic #0 (0.100): 0.059*"always" + 0.021*"friendly" + 0.021*"lease" + 0.021*"overall" + 0.021*"vibe" + 0.021*"cooked" + 0.021*"mercy" + 0.021*"prices" + 0.021*"burgers" + 0.021*"come"
2024-08-20 13:53:14,953 - gensim.models.ldamodel - INFO - topic #9 (0.100): 0.005*"burgers" + 0.005*"milkshakes" + 0.005*"burger" + 0.005*"options" + 0.005*"service" + 0.005*"phat" + 0.005*"home" + 0.005*"staff" + 0.005*"fries" + 0.005*"approved"
2024-08-20 13:53:14,953 - gensim.models.ldamodel - INFO - topic #9 (0.100): 0.005*"burgers" + 0.005*"milkshakes" + 0.005*"burger" + 0.005*"options" + 0.005*"service" + 0.005*"phat" + 0.005*"home" + 0.005*"staff" + 0.005*"fries" + 0.005*"approved"
2024-08-20 13:53:14,953 - gensim.models.ldamodel - INFO - topic #7 (0.100): 0.005*"burger" + 0.005*"milkshakes" + 0.005*"burgers" + 0.005*"service" + 0.005*"bob" + 0.005*"rings" + 0.005*"definitely" + 0.005*"home" + 0.005*"fries" + 0.005*"specialty"
2024-08-20 13:53:14,953 - gensim.models.ldamodel - INFO - topic #7 (0.100): 0.005*"burger" + 0.005*"milkshakes" + 0.005*"burgers" + 0.005*"service" + 0.005*"bob" + 0.005*"rings" + 0.005*"definitely" + 0.005*"home" + 0.005*"fries" + 0.005*"specialty"
2024-08-20 13:53:14,954 - gensim.models.ldamodel - INFO - topic diff=0.128157, rho=0.577350
2024-08-20 13:53:14,954 - gensim.models.ldamodel - INFO - topic diff=0.128157, rho=0.577350
2024-08-20 13:53:14,955 - gensim.models.ldamodel - INFO - -6.013 per-word bound, 64.6 perplexity estimate based on a held-out corpus of 10 documents with 303 words
2024-08-20 13:53:14,955 - gensim.models.ldamodel - INFO - -6.013 per-word bound, 64.6 perplexity estimate based on a held-out corpus of 10 documents with 303 words
2024-08-20 13:53:14,956 - gensim.models.ldamodel - INFO - PROGRESS: pass 2, at document #10/10
2024-08-20 13:53:14,956 - gensim.models.ldamodel - INFO - PROGRESS: pass 2, at document #10/10
2024-08-20 13:53:14,957 - gensim.models.ldamodel - INFO - topic #3 (0.100): 0.045*"burgers" + 0.024*"staff" + 0.024*"called" + 0.024*"milkshakes" + 0.024*"online" + 0.024*"never" + 0.024*"phone" + 0.024*"miss" + 0.024*"ordered" + 0.024*"quick"
2024-08-20 13:53:14,957 - gensim.models.ldamodel - INFO - topic #3 (0.100): 0.045*"burgers" + 0.024*"staff" + 0.024*"called" + 0.024*"milkshakes" + 0.024*"online" + 0.024*"never" + 0.024*"phone" + 0.024*"miss" + 0.024*"ordered" + 0.024*"quick"
2024-08-20 13:53:14,957 - gensim.models.ldamodel - INFO - topic #0 (0.100): 0.059*"always" + 0.021*"friendly" + 0.021*"lease" + 0.021*"vibe" + 0.021*"burgers" + 0.021*"overall" + 0.021*"cooked" + 0.021*"mercy" + 0.021*"prices" + 0.021*"come"
2024-08-20 13:53:14,957 - gensim.models.ldamodel - INFO - topic #0 (0.100): 0.059*"always" + 0.021*"friendly" + 0.021*"lease" + 0.021*"vibe" + 0.021*"burgers" + 0.021*"overall" + 0.021*"cooked" + 0.021*"mercy" + 0.021*"prices" + 0.021*"come"
2024-08-20 13:53:14,957 - gensim.models.ldamodel - INFO - topic #5 (0.100): 0.005*"burger" + 0.005*"milkshakes" + 0.005*"burgers" + 0.005*"fries" + 0.005*"options" + 0.005*"home" + 0.005*"definitely" + 0.005*"service" + 0.005*"onion" + 0.005*"phat"
2024-08-20 13:53:14,957 - gensim.models.ldamodel - INFO - topic #5 (0.100): 0.005*"burger" + 0.005*"milkshakes" + 0.005*"burgers" + 0.005*"fries" + 0.005*"options" + 0.005*"home" + 0.005*"definitely" + 0.005*"service" + 0.005*"onion" + 0.005*"phat"
2024-08-20 13:53:14,957 - gensim.models.ldamodel - INFO - topic #4 (0.100): 0.049*"burger" + 0.047*"meat" + 0.032*"patty" + 0.032*"buffalo" + 0.018*"try" + 0.018*"sauce" + 0.017*"onions" + 0.017*"without" + 0.017*"taste" + 0.017*"hungry"
2024-08-20 13:53:14,957 - gensim.models.ldamodel - INFO - topic #4 (0.100): 0.049*"burger" + 0.047*"meat" + 0.032*"patty" + 0.032*"buffalo" + 0.018*"try" + 0.018*"sauce" + 0.017*"onions" + 0.017*"without" + 0.017*"taste" + 0.017*"hungry"
2024-08-20 13:53:14,958 - gensim.models.ldamodel - INFO - topic #7 (0.100): 0.005*"burger" + 0.005*"milkshakes" + 0.005*"burgers" + 0.005*"service" + 0.005*"bob" + 0.005*"rings" + 0.005*"definitely" + 0.005*"home" + 0.005*"fries" + 0.005*"specialty"
2024-08-20 13:53:14,958 - gensim.models.ldamodel - INFO - topic #7 (0.100): 0.005*"burger" + 0.005*"milkshakes" + 0.005*"burgers" + 0.005*"service" + 0.005*"bob" + 0.005*"rings" + 0.005*"definitely" + 0.005*"home" + 0.005*"fries" + 0.005*"specialty"
2024-08-20 13:53:14,958 - gensim.models.ldamodel - INFO - topic diff=0.081420, rho=0.500000
2024-08-20 13:53:14,958 - gensim.models.ldamodel - INFO - topic diff=0.081420, rho=0.500000
2024-08-20 13:53:14,960 - gensim.models.ldamodel - INFO - -5.970 per-word bound, 62.7 perplexity estimate based on a held-out corpus of 10 documents with 303 words
2024-08-20 13:53:14,960 - gensim.models.ldamodel - INFO - -5.970 per-word bound, 62.7 perplexity estimate based on a held-out corpus of 10 documents with 303 words
2024-08-20 13:53:14,960 - gensim.models.ldamodel - INFO - PROGRESS: pass 3, at document #10/10
2024-08-20 13:53:14,960 - gensim.models.ldamodel - INFO - PROGRESS: pass 3, at document #10/10
2024-08-20 13:53:14,961 - gensim.models.ldamodel - INFO - topic #3 (0.100): 0.045*"burgers" + 0.024*"staff" + 0.024*"milkshakes" + 0.024*"called" + 0.024*"online" + 0.024*"never" + 0.024*"phone" + 0.024*"miss" + 0.024*"ordered" + 0.024*"quick"
2024-08-20 13:53:14,961 - gensim.models.ldamodel - INFO - topic #3 (0.100): 0.045*"burgers" + 0.024*"staff" + 0.024*"milkshakes" + 0.024*"called" + 0.024*"online" + 0.024*"never" + 0.024*"phone" + 0.024*"miss" + 0.024*"ordered" + 0.024*"quick"
2024-08-20 13:53:14,962 - gensim.models.ldamodel - INFO - topic #4 (0.100): 0.049*"burger" + 0.048*"meat" + 0.033*"patty" + 0.032*"buffalo" + 0.018*"try" + 0.018*"sauce" + 0.017*"onions" + 0.017*"without" + 0.017*"taste" + 0.017*"hungry"
2024-08-20 13:53:14,962 - gensim.models.ldamodel - INFO - topic #4 (0.100): 0.049*"burger" + 0.048*"meat" + 0.033*"patty" + 0.032*"buffalo" + 0.018*"try" + 0.018*"sauce" + 0.017*"onions" + 0.017*"without" + 0.017*"taste" + 0.017*"hungry"
2024-08-20 13:53:14,962 - gensim.models.ldamodel - INFO - topic #5 (0.100): 0.005*"burger" + 0.005*"milkshakes" + 0.005*"burgers" + 0.005*"fries" + 0.005*"options" + 0.005*"home" + 0.005*"definitely" + 0.005*"service" + 0.005*"onion" + 0.005*"phat"
2024-08-20 13:53:14,962 - gensim.models.ldamodel - INFO - topic #5 (0.100): 0.005*"burger" + 0.005*"milkshakes" + 0.005*"burgers" + 0.005*"fries" + 0.005*"options" + 0.005*"home" + 0.005*"definitely" + 0.005*"service" + 0.005*"onion" + 0.005*"phat"
2024-08-20 13:53:14,962 - gensim.models.ldamodel - INFO - topic #1 (0.100): 0.055*"joint" + 0.055*"burger" + 0.037*"service" + 0.037*"much" + 0.020*"phat" + 0.020*"bob" + 0.020*"fries" + 0.020*"ppl" + 0.020*"mean" + 0.020*"got"
2024-08-20 13:53:14,962 - gensim.models.ldamodel - INFO - topic #1 (0.100): 0.055*"joint" + 0.055*"burger" + 0.037*"service" + 0.037*"much" + 0.020*"phat" + 0.020*"bob" + 0.020*"fries" + 0.020*"ppl" + 0.020*"mean" + 0.020*"got"
2024-08-20 13:53:14,962 - gensim.models.ldamodel - INFO - topic #0 (0.100): 0.059*"always" + 0.021*"friendly" + 0.021*"burgers" + 0.021*"vibe" + 0.021*"home" + 0.021*"lease" + 0.021*"overall" + 0.021*"cooked" + 0.021*"mercy" + 0.021*"prices"
2024-08-20 13:53:14,962 - gensim.models.ldamodel - INFO - topic #0 (0.100): 0.059*"always" + 0.021*"friendly" + 0.021*"burgers" + 0.021*"vibe" + 0.021*"home" + 0.021*"lease" + 0.021*"overall" + 0.021*"cooked" + 0.021*"mercy" + 0.021*"prices"
2024-08-20 13:53:14,963 - gensim.models.ldamodel - INFO - topic diff=0.054047, rho=0.447214
2024-08-20 13:53:14,963 - gensim.models.ldamodel - INFO - topic diff=0.054047, rho=0.447214
2024-08-20 13:53:14,965 - gensim.models.ldamodel - INFO - -5.953 per-word bound, 61.9 perplexity estimate based on a held-out corpus of 10 documents with 303 words
2024-08-20 13:53:14,965 - gensim.models.ldamodel - INFO - -5.953 per-word bound, 61.9 perplexity estimate based on a held-out corpus of 10 documents with 303 words
2024-08-20 13:53:14,965 - gensim.models.ldamodel - INFO - PROGRESS: pass 4, at document #10/10
2024-08-20 13:53:14,965 - gensim.models.ldamodel - INFO - PROGRESS: pass 4, at document #10/10
2024-08-20 13:53:14,966 - gensim.models.ldamodel - INFO - topic #5 (0.100): 0.005*"burger" + 0.005*"milkshakes" + 0.005*"burgers" + 0.005*"fries" + 0.005*"options" + 0.005*"home" + 0.005*"definitely" + 0.005*"service" + 0.005*"onion" + 0.005*"phat"
2024-08-20 13:53:14,966 - gensim.models.ldamodel - INFO - topic #5 (0.100): 0.005*"burger" + 0.005*"milkshakes" + 0.005*"burgers" + 0.005*"fries" + 0.005*"options" + 0.005*"home" + 0.005*"definitely" + 0.005*"service" + 0.005*"onion" + 0.005*"phat"
2024-08-20 13:53:14,966 - gensim.models.ldamodel - INFO - topic #0 (0.100): 0.059*"always" + 0.021*"home" + 0.021*"burgers" + 0.021*"friendly" + 0.021*"vibe" + 0.021*"lease" + 0.021*"overall" + 0.021*"cooked" + 0.021*"mercy" + 0.021*"tables"
2024-08-20 13:53:14,966 - gensim.models.ldamodel - INFO - topic #0 (0.100): 0.059*"always" + 0.021*"home" + 0.021*"burgers" + 0.021*"friendly" + 0.021*"vibe" + 0.021*"lease" + 0.021*"overall" + 0.021*"cooked" + 0.021*"mercy" + 0.021*"tables"
2024-08-20 13:53:14,966 - gensim.models.ldamodel - INFO - topic #8 (0.100): 0.020*"bbq" + 0.020*"home" + 0.020*"dining" + 0.020*"worth" + 0.020*"friendly" + 0.020*"food" + 0.020*"service" + 0.020*"used" + 0.020*"downside" + 0.020*"price"
2024-08-20 13:53:14,966 - gensim.models.ldamodel - INFO - topic #8 (0.100): 0.020*"bbq" + 0.020*"home" + 0.020*"dining" + 0.020*"worth" + 0.020*"friendly" + 0.020*"food" + 0.020*"service" + 0.020*"used" + 0.020*"downside" + 0.020*"price"
2024-08-20 13:53:14,967 - gensim.models.ldamodel - INFO - topic #4 (0.100): 0.049*"burger" + 0.049*"meat" + 0.033*"patty" + 0.033*"buffalo" + 0.018*"try" + 0.018*"sauce" + 0.017*"onions" + 0.017*"without" + 0.017*"taste" + 0.017*"hungry"
2024-08-20 13:53:14,967 - gensim.models.ldamodel - INFO - topic #4 (0.100): 0.049*"burger" + 0.049*"meat" + 0.033*"patty" + 0.033*"buffalo" + 0.018*"try" + 0.018*"sauce" + 0.017*"onions" + 0.017*"without" + 0.017*"taste" + 0.017*"hungry"
2024-08-20 13:53:14,967 - gensim.models.ldamodel - INFO - topic #9 (0.100): 0.005*"burgers" + 0.005*"milkshakes" + 0.005*"burger" + 0.005*"options" + 0.005*"service" + 0.005*"phat" + 0.005*"home" + 0.005*"staff" + 0.005*"fries" + 0.005*"approved"
2024-08-20 13:53:14,967 - gensim.models.ldamodel - INFO - topic #9 (0.100): 0.005*"burgers" + 0.005*"milkshakes" + 0.005*"burger" + 0.005*"options" + 0.005*"service" + 0.005*"phat" + 0.005*"home" + 0.005*"staff" + 0.005*"fries" + 0.005*"approved"
2024-08-20 13:53:14,967 - gensim.models.ldamodel - INFO - topic diff=0.035468, rho=0.408248
2024-08-20 13:53:14,967 - gensim.models.ldamodel - INFO - topic diff=0.035468, rho=0.408248
2024-08-20 13:53:14,969 - gensim.models.ldamodel - INFO - -5.946 per-word bound, 61.6 perplexity estimate based on a held-out corpus of 10 documents with 303 words
2024-08-20 13:53:14,969 - gensim.models.ldamodel - INFO - -5.946 per-word bound, 61.6 perplexity estimate based on a held-out corpus of 10 documents with 303 words
2024-08-20 13:53:14,969 - gensim.models.ldamodel - INFO - PROGRESS: pass 5, at document #10/10
2024-08-20 13:53:14,969 - gensim.models.ldamodel - INFO - PROGRESS: pass 5, at document #10/10
2024-08-20 13:53:14,970 - gensim.models.ldamodel - INFO - topic #9 (0.100): 0.005*"burgers" + 0.005*"milkshakes" + 0.005*"burger" + 0.005*"options" + 0.005*"service" + 0.005*"phat" + 0.005*"home" + 0.005*"staff" + 0.005*"fries" + 0.005*"approved"
2024-08-20 13:53:14,970 - gensim.models.ldamodel - INFO - topic #9 (0.100): 0.005*"burgers" + 0.005*"milkshakes" + 0.005*"burger" + 0.005*"options" + 0.005*"service" + 0.005*"phat" + 0.005*"home" + 0.005*"staff" + 0.005*"fries" + 0.005*"approved"
2024-08-20 13:53:14,970 - gensim.models.ldamodel - INFO - topic #8 (0.100): 0.020*"bbq" + 0.020*"home" + 0.020*"dining" + 0.020*"worth" + 0.020*"friendly" + 0.020*"food" + 0.020*"service" + 0.020*"used" + 0.020*"downside" + 0.020*"price"
2024-08-20 13:53:14,970 - gensim.models.ldamodel - INFO - topic #8 (0.100): 0.020*"bbq" + 0.020*"home" + 0.020*"dining" + 0.020*"worth" + 0.020*"friendly" + 0.020*"food" + 0.020*"service" + 0.020*"used" + 0.020*"downside" + 0.020*"price"
2024-08-20 13:53:14,970 - gensim.models.ldamodel - INFO - topic #3 (0.100): 0.045*"burgers" + 0.024*"staff" + 0.024*"milkshakes" + 0.024*"called" + 0.024*"never" + 0.024*"online" + 0.024*"miss" + 0.024*"phone" + 0.024*"ordered" + 0.024*"clear"
2024-08-20 13:53:14,970 - gensim.models.ldamodel - INFO - topic #3 (0.100): 0.045*"burgers" + 0.024*"staff" + 0.024*"milkshakes" + 0.024*"called" + 0.024*"never" + 0.024*"online" + 0.024*"miss" + 0.024*"phone" + 0.024*"ordered" + 0.024*"clear"
2024-08-20 13:53:14,970 - gensim.models.ldamodel - INFO - topic #4 (0.100): 0.050*"burger" + 0.049*"meat" + 0.033*"patty" + 0.033*"buffalo" + 0.018*"try" + 0.018*"sauce" + 0.017*"onions" + 0.017*"without" + 0.017*"taste" + 0.017*"hungry"
2024-08-20 13:53:14,970 - gensim.models.ldamodel - INFO - topic #4 (0.100): 0.050*"burger" + 0.049*"meat" + 0.033*"patty" + 0.033*"buffalo" + 0.018*"try" + 0.018*"sauce" + 0.017*"onions" + 0.017*"without" + 0.017*"taste" + 0.017*"hungry"
2024-08-20 13:53:14,970 - gensim.models.ldamodel - INFO - topic #2 (0.100): 0.060*"burger" + 0.025*"sauce" + 0.025*"usually" + 0.025*"flavor" + 0.025*"meat" + 0.013*"tables" + 0.013*"dining" + 0.013*"mayo" + 0.013*"add" + 0.013*"preferred"
2024-08-20 13:53:14,970 - gensim.models.ldamodel - INFO - topic #2 (0.100): 0.060*"burger" + 0.025*"sauce" + 0.025*"usually" + 0.025*"flavor" + 0.025*"meat" + 0.013*"tables" + 0.013*"dining" + 0.013*"mayo" + 0.013*"add" + 0.013*"preferred"
2024-08-20 13:53:14,970 - gensim.models.ldamodel - INFO - topic diff=0.023059, rho=0.377964
2024-08-20 13:53:14,970 - gensim.models.ldamodel - INFO - topic diff=0.023059, rho=0.377964
2024-08-20 13:53:14,973 - gensim.models.ldamodel - INFO - -5.943 per-word bound, 61.5 perplexity estimate based on a held-out corpus of 10 documents with 303 words
2024-08-20 13:53:14,973 - gensim.models.ldamodel - INFO - -5.943 per-word bound, 61.5 perplexity estimate based on a held-out corpus of 10 documents with 303 words
2024-08-20 13:53:14,973 - gensim.models.ldamodel - INFO - PROGRESS: pass 6, at document #10/10
2024-08-20 13:53:14,973 - gensim.models.ldamodel - INFO - PROGRESS: pass 6, at document #10/10
2024-08-20 13:53:14,974 - gensim.models.ldamodel - INFO - topic #4 (0.100): 0.050*"burger" + 0.049*"meat" + 0.033*"patty" + 0.033*"buffalo" + 0.018*"try" + 0.018*"sauce" + 0.018*"onions" + 0.018*"without" + 0.018*"taste" + 0.018*"hungry"
2024-08-20 13:53:14,974 - gensim.models.ldamodel - INFO - topic #4 (0.100): 0.050*"burger" + 0.049*"meat" + 0.033*"patty" + 0.033*"buffalo" + 0.018*"try" + 0.018*"sauce" + 0.018*"onions" + 0.018*"without" + 0.018*"taste" + 0.018*"hungry"
2024-08-20 13:53:14,974 - gensim.models.ldamodel - INFO - topic #1 (0.100): 0.055*"burger" + 0.055*"joint" + 0.037*"service" + 0.037*"much" + 0.020*"phat" + 0.020*"bob" + 0.020*"fries" + 0.020*"onion" + 0.020*"ppl" + 0.020*"mean"
2024-08-20 13:53:14,974 - gensim.models.ldamodel - INFO - topic #1 (0.100): 0.055*"burger" + 0.055*"joint" + 0.037*"service" + 0.037*"much" + 0.020*"phat" + 0.020*"bob" + 0.020*"fries" + 0.020*"onion" + 0.020*"ppl" + 0.020*"mean"
2024-08-20 13:53:14,974 - gensim.models.ldamodel - INFO - topic #8 (0.100): 0.020*"bbq" + 0.020*"home" + 0.020*"dining" + 0.020*"worth" + 0.020*"friendly" + 0.020*"food" + 0.020*"service" + 0.020*"used" + 0.020*"downside" + 0.020*"price"
2024-08-20 13:53:14,974 - gensim.models.ldamodel - INFO - topic #8 (0.100): 0.020*"bbq" + 0.020*"home" + 0.020*"dining" + 0.020*"worth" + 0.020*"friendly" + 0.020*"food" + 0.020*"service" + 0.020*"used" + 0.020*"downside" + 0.020*"price"
2024-08-20 13:53:14,975 - gensim.models.ldamodel - INFO - topic #0 (0.100): 0.059*"always" + 0.021*"home" + 0.021*"burgers" + 0.021*"friendly" + 0.021*"vibe" + 0.021*"tables" + 0.021*"lease" + 0.021*"cooked" + 0.021*"overall" + 0.021*"prices"
2024-08-20 13:53:14,975 - gensim.models.ldamodel - INFO - topic #0 (0.100): 0.059*"always" + 0.021*"home" + 0.021*"burgers" + 0.021*"friendly" + 0.021*"vibe" + 0.021*"tables" + 0.021*"lease" + 0.021*"cooked" + 0.021*"overall" + 0.021*"prices"
2024-08-20 13:53:14,975 - gensim.models.ldamodel - INFO - topic #5 (0.100): 0.005*"milkshakes" + 0.005*"burger" + 0.005*"burgers" + 0.005*"fries" + 0.005*"options" + 0.005*"home" + 0.005*"service" + 0.005*"definitely" + 0.005*"onion" + 0.005*"bob"
2024-08-20 13:53:14,975 - gensim.models.ldamodel - INFO - topic #5 (0.100): 0.005*"milkshakes" + 0.005*"burger" + 0.005*"burgers" + 0.005*"fries" + 0.005*"options" + 0.005*"home" + 0.005*"service" + 0.005*"definitely" + 0.005*"onion" + 0.005*"bob"
2024-08-20 13:53:14,975 - gensim.models.ldamodel - INFO - topic diff=0.014994, rho=0.353553
2024-08-20 13:53:14,975 - gensim.models.ldamodel - INFO - topic diff=0.014994, rho=0.353553
2024-08-20 13:53:14,977 - gensim.models.ldamodel - INFO - -5.942 per-word bound, 61.5 perplexity estimate based on a held-out corpus of 10 documents with 303 words
2024-08-20 13:53:14,977 - gensim.models.ldamodel - INFO - -5.942 per-word bound, 61.5 perplexity estimate based on a held-out corpus of 10 documents with 303 words
2024-08-20 13:53:14,977 - gensim.models.ldamodel - INFO - PROGRESS: pass 7, at document #10/10
2024-08-20 13:53:14,977 - gensim.models.ldamodel - INFO - PROGRESS: pass 7, at document #10/10
2024-08-20 13:53:14,978 - gensim.models.ldamodel - INFO - topic #3 (0.100): 0.045*"burgers" + 0.024*"staff" + 0.024*"milkshakes" + 0.024*"called" + 0.024*"online" + 0.024*"never" + 0.024*"phone" + 0.024*"miss" + 0.024*"ordered" + 0.024*"notch"
2024-08-20 13:53:14,978 - gensim.models.ldamodel - INFO - topic #3 (0.100): 0.045*"burgers" + 0.024*"staff" + 0.024*"milkshakes" + 0.024*"called" + 0.024*"online" + 0.024*"never" + 0.024*"phone" + 0.024*"miss" + 0.024*"ordered" + 0.024*"notch"
2024-08-20 13:53:14,978 - gensim.models.ldamodel - INFO - topic #7 (0.100): 0.005*"burger" + 0.005*"milkshakes" + 0.005*"burgers" + 0.005*"service" + 0.005*"bob" + 0.005*"home" + 0.005*"rings" + 0.005*"fries" + 0.005*"definitely" + 0.005*"back"
2024-08-20 13:53:14,978 - gensim.models.ldamodel - INFO - topic #7 (0.100): 0.005*"burger" + 0.005*"milkshakes" + 0.005*"burgers" + 0.005*"service" + 0.005*"bob" + 0.005*"home" + 0.005*"rings" + 0.005*"fries" + 0.005*"definitely" + 0.005*"back"
2024-08-20 13:53:14,978 - gensim.models.ldamodel - INFO - topic #1 (0.100): 0.055*"burger" + 0.055*"joint" + 0.037*"service" + 0.037*"much" + 0.020*"phat" + 0.020*"bob" + 0.020*"fries" + 0.020*"onion" + 0.020*"got" + 0.020*"ppl"
2024-08-20 13:53:14,978 - gensim.models.ldamodel - INFO - topic #1 (0.100): 0.055*"burger" + 0.055*"joint" + 0.037*"service" + 0.037*"much" + 0.020*"phat" + 0.020*"bob" + 0.020*"fries" + 0.020*"onion" + 0.020*"got" + 0.020*"ppl"
2024-08-20 13:53:14,979 - gensim.models.ldamodel - INFO - topic #9 (0.100): 0.005*"burgers" + 0.005*"milkshakes" + 0.005*"burger" + 0.005*"phat" + 0.005*"service" + 0.005*"options" + 0.005*"fries" + 0.005*"staff" + 0.005*"home" + 0.005*"rings"
2024-08-20 13:53:14,979 - gensim.models.ldamodel - INFO - topic #9 (0.100): 0.005*"burgers" + 0.005*"milkshakes" + 0.005*"burger" + 0.005*"phat" + 0.005*"service" + 0.005*"options" + 0.005*"fries" + 0.005*"staff" + 0.005*"home" + 0.005*"rings"
2024-08-20 13:53:14,979 - gensim.models.ldamodel - INFO - topic #8 (0.100): 0.020*"bbq" + 0.020*"home" + 0.020*"dining" + 0.020*"worth" + 0.020*"friendly" + 0.020*"food" + 0.020*"service" + 0.020*"used" + 0.020*"downside" + 0.020*"price"
2024-08-20 13:53:14,979 - gensim.models.ldamodel - INFO - topic #8 (0.100): 0.020*"bbq" + 0.020*"home" + 0.020*"dining" + 0.020*"worth" + 0.020*"friendly" + 0.020*"food" + 0.020*"service" + 0.020*"used" + 0.020*"downside" + 0.020*"price"
2024-08-20 13:53:14,979 - gensim.models.ldamodel - INFO - topic diff=0.009826, rho=0.333333
2024-08-20 13:53:14,979 - gensim.models.ldamodel - INFO - topic diff=0.009826, rho=0.333333
2024-08-20 13:53:14,981 - gensim.models.ldamodel - INFO - -5.941 per-word bound, 61.4 perplexity estimate based on a held-out corpus of 10 documents with 303 words
2024-08-20 13:53:14,981 - gensim.models.ldamodel - INFO - -5.941 per-word bound, 61.4 perplexity estimate based on a held-out corpus of 10 documents with 303 words
2024-08-20 13:53:14,982 - gensim.models.ldamodel - INFO - PROGRESS: pass 8, at document #10/10
2024-08-20 13:53:14,982 - gensim.models.ldamodel - INFO - PROGRESS: pass 8, at document #10/10
2024-08-20 13:53:14,983 - gensim.models.ldamodel - INFO - topic #2 (0.100): 0.060*"burger" + 0.025*"sauce" + 0.025*"usually" + 0.025*"flavor" + 0.025*"meat" + 0.013*"tables" + 0.013*"dining" + 0.013*"fresh" + 0.013*"mayo" + 0.013*"pearl"
2024-08-20 13:53:14,983 - gensim.models.ldamodel - INFO - topic #2 (0.100): 0.060*"burger" + 0.025*"sauce" + 0.025*"usually" + 0.025*"flavor" + 0.025*"meat" + 0.013*"tables" + 0.013*"dining" + 0.013*"fresh" + 0.013*"mayo" + 0.013*"pearl"
2024-08-20 13:53:14,983 - gensim.models.ldamodel - INFO - topic #5 (0.100): 0.005*"burger" + 0.005*"milkshakes" + 0.005*"burgers" + 0.005*"fries" + 0.005*"options" + 0.005*"home" + 0.005*"definitely" + 0.005*"service" + 0.005*"onion" + 0.005*"staff"
2024-08-20 13:53:14,983 - gensim.models.ldamodel - INFO - topic #5 (0.100): 0.005*"burger" + 0.005*"milkshakes" + 0.005*"burgers" + 0.005*"fries" + 0.005*"options" + 0.005*"home" + 0.005*"definitely" + 0.005*"service" + 0.005*"onion" + 0.005*"staff"
2024-08-20 13:53:14,983 - gensim.models.ldamodel - INFO - topic #8 (0.100): 0.020*"bbq" + 0.020*"home" + 0.020*"dining" + 0.020*"worth" + 0.020*"friendly" + 0.020*"food" + 0.020*"service" + 0.020*"used" + 0.020*"downside" + 0.020*"price"
2024-08-20 13:53:14,983 - gensim.models.ldamodel - INFO - topic #8 (0.100): 0.020*"bbq" + 0.020*"home" + 0.020*"dining" + 0.020*"worth" + 0.020*"friendly" + 0.020*"food" + 0.020*"service" + 0.020*"used" + 0.020*"downside" + 0.020*"price"
2024-08-20 13:53:14,983 - gensim.models.ldamodel - INFO - topic #3 (0.100): 0.045*"burgers" + 0.024*"staff" + 0.024*"milkshakes" + 0.024*"called" + 0.024*"phone" + 0.024*"online" + 0.024*"never" + 0.024*"miss" + 0.024*"ordered" + 0.024*"notch"
2024-08-20 13:53:14,983 - gensim.models.ldamodel - INFO - topic #3 (0.100): 0.045*"burgers" + 0.024*"staff" + 0.024*"milkshakes" + 0.024*"called" + 0.024*"phone" + 0.024*"online" + 0.024*"never" + 0.024*"miss" + 0.024*"ordered" + 0.024*"notch"
2024-08-20 13:53:14,983 - gensim.models.ldamodel - INFO - topic #9 (0.100): 0.005*"burgers" + 0.005*"milkshakes" + 0.005*"phat" + 0.005*"options" + 0.005*"burger" + 0.005*"service" + 0.005*"approved" + 0.005*"staff" + 0.005*"home" + 0.005*"fries"
2024-08-20 13:53:14,983 - gensim.models.ldamodel - INFO - topic #9 (0.100): 0.005*"burgers" + 0.005*"milkshakes" + 0.005*"phat" + 0.005*"options" + 0.005*"burger" + 0.005*"service" + 0.005*"approved" + 0.005*"staff" + 0.005*"home" + 0.005*"fries"
2024-08-20 13:53:14,984 - gensim.models.ldamodel - INFO - topic diff=0.006519, rho=0.316228
2024-08-20 13:53:14,984 - gensim.models.ldamodel - INFO - topic diff=0.006519, rho=0.316228
2024-08-20 13:53:14,985 - gensim.models.ldamodel - INFO - -5.941 per-word bound, 61.4 perplexity estimate based on a held-out corpus of 10 documents with 303 words
2024-08-20 13:53:14,985 - gensim.models.ldamodel - INFO - -5.941 per-word bound, 61.4 perplexity estimate based on a held-out corpus of 10 documents with 303 words
2024-08-20 13:53:14,985 - gensim.models.ldamodel - INFO - PROGRESS: pass 9, at document #10/10
2024-08-20 13:53:14,985 - gensim.models.ldamodel - INFO - PROGRESS: pass 9, at document #10/10
2024-08-20 13:53:14,986 - gensim.models.ldamodel - INFO - topic #5 (0.100): 0.005*"burger" + 0.005*"milkshakes" + 0.005*"burgers" + 0.005*"fries" + 0.005*"home" + 0.005*"definitely" + 0.005*"phat" + 0.005*"service" + 0.005*"bob" + 0.005*"options"
2024-08-20 13:53:14,986 - gensim.models.ldamodel - INFO - topic #5 (0.100): 0.005*"burger" + 0.005*"milkshakes" + 0.005*"burgers" + 0.005*"fries" + 0.005*"home" + 0.005*"definitely" + 0.005*"phat" + 0.005*"service" + 0.005*"bob" + 0.005*"options"
2024-08-20 13:53:14,986 - gensim.models.ldamodel - INFO - topic #1 (0.100): 0.055*"burger" + 0.055*"joint" + 0.037*"service" + 0.037*"much" + 0.020*"phat" + 0.020*"bob" + 0.020*"fries" + 0.020*"onion" + 0.020*"rings" + 0.020*"need"
2024-08-20 13:53:14,986 - gensim.models.ldamodel - INFO - topic #1 (0.100): 0.055*"burger" + 0.055*"joint" + 0.037*"service" + 0.037*"much" + 0.020*"phat" + 0.020*"bob" + 0.020*"fries" + 0.020*"onion" + 0.020*"rings" + 0.020*"need"
2024-08-20 13:53:14,987 - gensim.models.ldamodel - INFO - topic #4 (0.100): 0.050*"burger" + 0.050*"meat" + 0.034*"patty" + 0.034*"buffalo" + 0.018*"try" + 0.018*"sauce" + 0.018*"onions" + 0.018*"without" + 0.018*"taste" + 0.018*"hungry"
2024-08-20 13:53:14,987 - gensim.models.ldamodel - INFO - topic #4 (0.100): 0.050*"burger" + 0.050*"meat" + 0.034*"patty" + 0.034*"buffalo" + 0.018*"try" + 0.018*"sauce" + 0.018*"onions" + 0.018*"without" + 0.018*"taste" + 0.018*"hungry"
2024-08-20 13:53:14,987 - gensim.models.ldamodel - INFO - topic #8 (0.100): 0.020*"bbq" + 0.020*"home" + 0.020*"dining" + 0.020*"worth" + 0.020*"friendly" + 0.020*"food" + 0.020*"service" + 0.020*"used" + 0.020*"downside" + 0.020*"price"
2024-08-20 13:53:14,987 - gensim.models.ldamodel - INFO - topic #8 (0.100): 0.020*"bbq" + 0.020*"home" + 0.020*"dining" + 0.020*"worth" + 0.020*"friendly" + 0.020*"food" + 0.020*"service" + 0.020*"used" + 0.020*"downside" + 0.020*"price"
2024-08-20 13:53:14,987 - gensim.models.ldamodel - INFO - topic #9 (0.100): 0.005*"burgers" + 0.005*"milkshakes" + 0.005*"burger" + 0.005*"options" + 0.005*"rings" + 0.005*"service" + 0.005*"home" + 0.005*"phat" + 0.005*"onion" + 0.005*"staff"
2024-08-20 13:53:14,987 - gensim.models.ldamodel - INFO - topic #9 (0.100): 0.005*"burgers" + 0.005*"milkshakes" + 0.005*"burger" + 0.005*"options" + 0.005*"rings" + 0.005*"service" + 0.005*"home" + 0.005*"phat" + 0.005*"onion" + 0.005*"staff"
2024-08-20 13:53:14,987 - gensim.models.ldamodel - INFO - topic diff=0.004389, rho=0.301511
2024-08-20 13:53:14,987 - gensim.models.ldamodel - INFO - topic diff=0.004389, rho=0.301511
2024-08-20 13:53:14,989 - gensim.models.ldamodel - INFO - -5.941 per-word bound, 61.4 perplexity estimate based on a held-out corpus of 10 documents with 303 words
2024-08-20 13:53:14,989 - gensim.models.ldamodel - INFO - -5.941 per-word bound, 61.4 perplexity estimate based on a held-out corpus of 10 documents with 303 words
2024-08-20 13:53:14,989 - gensim.models.ldamodel - INFO - PROGRESS: pass 10, at document #10/10
2024-08-20 13:53:14,989 - gensim.models.ldamodel - INFO - PROGRESS: pass 10, at document #10/10
2024-08-20 13:53:14,991 - gensim.models.ldamodel - INFO - topic #6 (0.100): 0.032*"burger" + 0.022*"best" + 0.022*"milkshakes" + 0.022*"friendly" + 0.022*"bbq" + 0.022*"milkshake" + 0.022*"oreo" + 0.022*"fries" + 0.022*"garlic" + 0.011*"makes"
2024-08-20 13:53:14,991 - gensim.models.ldamodel - INFO - topic #6 (0.100): 0.032*"burger" + 0.022*"best" + 0.022*"milkshakes" + 0.022*"friendly" + 0.022*"bbq" + 0.022*"milkshake" + 0.022*"oreo" + 0.022*"fries" + 0.022*"garlic" + 0.011*"makes"
2024-08-20 13:53:14,991 - gensim.models.ldamodel - INFO - topic #1 (0.100): 0.055*"burger" + 0.055*"joint" + 0.037*"service" + 0.037*"much" + 0.020*"phat" + 0.020*"bob" + 0.020*"fries" + 0.020*"onion" + 0.020*"rings" + 0.020*"aight"
2024-08-20 13:53:14,991 - gensim.models.ldamodel - INFO - topic #1 (0.100): 0.055*"burger" + 0.055*"joint" + 0.037*"service" + 0.037*"much" + 0.020*"phat" + 0.020*"bob" + 0.020*"fries" + 0.020*"onion" + 0.020*"rings" + 0.020*"aight"
2024-08-20 13:53:14,992 - gensim.models.ldamodel - INFO - topic #0 (0.100): 0.059*"always" + 0.021*"home" + 0.021*"burgers" + 0.021*"tables" + 0.021*"friendly" + 0.021*"vibe" + 0.021*"overall" + 0.021*"clean" + 0.021*"pearls" + 0.021*"mercy"
2024-08-20 13:53:14,992 - gensim.models.ldamodel - INFO - topic #0 (0.100): 0.059*"always" + 0.021*"home" + 0.021*"burgers" + 0.021*"tables" + 0.021*"friendly" + 0.021*"vibe" + 0.021*"overall" + 0.021*"clean" + 0.021*"pearls" + 0.021*"mercy"
2024-08-20 13:53:14,992 - gensim.models.ldamodel - INFO - topic #8 (0.100): 0.020*"bbq" + 0.020*"home" + 0.020*"dining" + 0.020*"worth" + 0.020*"friendly" + 0.020*"food" + 0.020*"service" + 0.020*"used" + 0.020*"downside" + 0.020*"price"
2024-08-20 13:53:14,992 - gensim.models.ldamodel - INFO - topic #8 (0.100): 0.020*"bbq" + 0.020*"home" + 0.020*"dining" + 0.020*"worth" + 0.020*"friendly" + 0.020*"food" + 0.020*"service" + 0.020*"used" + 0.020*"downside" + 0.020*"price"
2024-08-20 13:53:14,992 - gensim.models.ldamodel - INFO - topic #5 (0.100): 0.005*"milkshakes" + 0.005*"burger" + 0.005*"burgers" + 0.005*"service" + 0.005*"onion" + 0.005*"home" + 0.005*"options" + 0.005*"definitely" + 0.005*"fries" + 0.005*"phat"
2024-08-20 13:53:14,992 - gensim.models.ldamodel - INFO - topic #5 (0.100): 0.005*"milkshakes" + 0.005*"burger" + 0.005*"burgers" + 0.005*"service" + 0.005*"onion" + 0.005*"home" + 0.005*"options" + 0.005*"definitely" + 0.005*"fries" + 0.005*"phat"
2024-08-20 13:53:14,993 - gensim.models.ldamodel - INFO - topic diff=0.002999, rho=0.288675
2024-08-20 13:53:14,993 - gensim.models.ldamodel - INFO - topic diff=0.002999, rho=0.288675
2024-08-20 13:53:14,994 - gensim.models.ldamodel - INFO - -5.941 per-word bound, 61.4 perplexity estimate based on a held-out corpus of 10 documents with 303 words
2024-08-20 13:53:14,994 - gensim.models.ldamodel - INFO - -5.941 per-word bound, 61.4 perplexity estimate based on a held-out corpus of 10 documents with 303 words
2024-08-20 13:53:14,994 - gensim.models.ldamodel - INFO - PROGRESS: pass 11, at document #10/10
2024-08-20 13:53:14,994 - gensim.models.ldamodel - INFO - PROGRESS: pass 11, at document #10/10
2024-08-20 13:53:14,995 - gensim.models.ldamodel - INFO - topic #5 (0.100): 0.005*"burger" + 0.005*"burgers" + 0.005*"milkshakes" + 0.005*"fries" + 0.005*"home" + 0.005*"onion" + 0.005*"phat" + 0.005*"service" + 0.005*"options" + 0.005*"definitely"
2024-08-20 13:53:14,995 - gensim.models.ldamodel - INFO - topic #5 (0.100): 0.005*"burger" + 0.005*"burgers" + 0.005*"milkshakes" + 0.005*"fries" + 0.005*"home" + 0.005*"onion" + 0.005*"phat" + 0.005*"service" + 0.005*"options" + 0.005*"definitely"
2024-08-20 13:53:14,995 - gensim.models.ldamodel - INFO - topic #1 (0.100): 0.055*"burger" + 0.055*"joint" + 0.037*"service" + 0.037*"much" + 0.020*"bob" + 0.020*"phat" + 0.020*"fries" + 0.020*"onion" + 0.020*"rings" + 0.020*"need"
2024-08-20 13:53:14,995 - gensim.models.ldamodel - INFO - topic #1 (0.100): 0.055*"burger" + 0.055*"joint" + 0.037*"service" + 0.037*"much" + 0.020*"bob" + 0.020*"phat" + 0.020*"fries" + 0.020*"onion" + 0.020*"rings" + 0.020*"need"
2024-08-20 13:53:14,996 - gensim.models.ldamodel - INFO - topic #2 (0.100): 0.060*"burger" + 0.025*"sauce" + 0.025*"usually" + 0.025*"flavor" + 0.025*"meat" + 0.013*"tables" + 0.013*"dining" + 0.013*"fresh" + 0.013*"pearl" + 0.013*"top"
2024-08-20 13:53:14,996 - gensim.models.ldamodel - INFO - topic #2 (0.100): 0.060*"burger" + 0.025*"sauce" + 0.025*"usually" + 0.025*"flavor" + 0.025*"meat" + 0.013*"tables" + 0.013*"dining" + 0.013*"fresh" + 0.013*"pearl" + 0.013*"top"
2024-08-20 13:53:14,996 - gensim.models.ldamodel - INFO - topic #0 (0.100): 0.059*"always" + 0.021*"home" + 0.021*"burgers" + 0.021*"tables" + 0.021*"friendly" + 0.021*"vibe" + 0.021*"overall" + 0.021*"clean" + 0.021*"mercy" + 0.021*"prices"
2024-08-20 13:53:14,996 - gensim.models.ldamodel - INFO - topic #0 (0.100): 0.059*"always" + 0.021*"home" + 0.021*"burgers" + 0.021*"tables" + 0.021*"friendly" + 0.021*"vibe" + 0.021*"overall" + 0.021*"clean" + 0.021*"mercy" + 0.021*"prices"
2024-08-20 13:53:14,996 - gensim.models.ldamodel - INFO - topic #4 (0.100): 0.050*"burger" + 0.050*"meat" + 0.034*"patty" + 0.034*"buffalo" + 0.018*"try" + 0.018*"sauce" + 0.018*"onions" + 0.018*"without" + 0.018*"taste" + 0.018*"hungry"
2024-08-20 13:53:14,996 - gensim.models.ldamodel - INFO - topic #4 (0.100): 0.050*"burger" + 0.050*"meat" + 0.034*"patty" + 0.034*"buffalo" + 0.018*"try" + 0.018*"sauce" + 0.018*"onions" + 0.018*"without" + 0.018*"taste" + 0.018*"hungry"
2024-08-20 13:53:14,996 - gensim.models.ldamodel - INFO - topic diff=0.002081, rho=0.277350
2024-08-20 13:53:14,996 - gensim.models.ldamodel - INFO - topic diff=0.002081, rho=0.277350
2024-08-20 13:53:14,998 - gensim.models.ldamodel - INFO - -5.940 per-word bound, 61.4 perplexity estimate based on a held-out corpus of 10 documents with 303 words
2024-08-20 13:53:14,998 - gensim.models.ldamodel - INFO - -5.940 per-word bound, 61.4 perplexity estimate based on a held-out corpus of 10 documents with 303 words
2024-08-20 13:53:14,999 - gensim.models.ldamodel - INFO - PROGRESS: pass 12, at document #10/10
2024-08-20 13:53:14,999 - gensim.models.ldamodel - INFO - PROGRESS: pass 12, at document #10/10
2024-08-20 13:53:15,000 - gensim.models.ldamodel - INFO - topic #5 (0.100): 0.005*"burger" + 0.005*"burgers" + 0.005*"fries" + 0.005*"milkshakes" + 0.005*"phat" + 0.005*"onion" + 0.005*"friendly" + 0.005*"salted" + 0.005*"meat" + 0.005*"rings"
2024-08-20 13:53:15,000 - gensim.models.ldamodel - INFO - topic #5 (0.100): 0.005*"burger" + 0.005*"burgers" + 0.005*"fries" + 0.005*"milkshakes" + 0.005*"phat" + 0.005*"onion" + 0.005*"friendly" + 0.005*"salted" + 0.005*"meat" + 0.005*"rings"
2024-08-20 13:53:15,001 - gensim.models.ldamodel - INFO - topic #6 (0.100): 0.032*"burger" + 0.022*"best" + 0.022*"milkshakes" + 0.022*"friendly" + 0.022*"bbq" + 0.022*"milkshake" + 0.022*"oreo" + 0.022*"fries" + 0.022*"garlic" + 0.011*"also"
2024-08-20 13:53:15,001 - gensim.models.ldamodel - INFO - topic #6 (0.100): 0.032*"burger" + 0.022*"best" + 0.022*"milkshakes" + 0.022*"friendly" + 0.022*"bbq" + 0.022*"milkshake" + 0.022*"oreo" + 0.022*"fries" + 0.022*"garlic" + 0.011*"also"
2024-08-20 13:53:15,001 - gensim.models.ldamodel - INFO - topic #0 (0.100): 0.059*"always" + 0.021*"home" + 0.021*"burgers" + 0.021*"friendly" + 0.021*"tables" + 0.021*"vibe" + 0.021*"clean" + 0.021*"overall" + 0.021*"mercy" + 0.021*"started"
2024-08-20 13:53:15,001 - gensim.models.ldamodel - INFO - topic #0 (0.100): 0.059*"always" + 0.021*"home" + 0.021*"burgers" + 0.021*"friendly" + 0.021*"tables" + 0.021*"vibe" + 0.021*"clean" + 0.021*"overall" + 0.021*"mercy" + 0.021*"started"
2024-08-20 13:53:15,001 - gensim.models.ldamodel - INFO - topic #2 (0.100): 0.060*"burger" + 0.025*"sauce" + 0.025*"usually" + 0.025*"flavor" + 0.025*"meat" + 0.013*"tables" + 0.013*"dining" + 0.013*"fresh" + 0.013*"pearl" + 0.013*"top"
2024-08-20 13:53:15,001 - gensim.models.ldamodel - INFO - topic #2 (0.100): 0.060*"burger" + 0.025*"sauce" + 0.025*"usually" + 0.025*"flavor" + 0.025*"meat" + 0.013*"tables" + 0.013*"dining" + 0.013*"fresh" + 0.013*"pearl" + 0.013*"top"
2024-08-20 13:53:15,001 - gensim.models.ldamodel - INFO - topic #4 (0.100): 0.050*"burger" + 0.050*"meat" + 0.034*"patty" + 0.034*"buffalo" + 0.018*"try" + 0.018*"sauce" + 0.018*"onions" + 0.018*"without" + 0.018*"taste" + 0.018*"hungry"
2024-08-20 13:53:15,001 - gensim.models.ldamodel - INFO - topic #4 (0.100): 0.050*"burger" + 0.050*"meat" + 0.034*"patty" + 0.034*"buffalo" + 0.018*"try" + 0.018*"sauce" + 0.018*"onions" + 0.018*"without" + 0.018*"taste" + 0.018*"hungry"
2024-08-20 13:53:15,001 - gensim.models.ldamodel - INFO - topic diff=0.001464, rho=0.267261
2024-08-20 13:53:15,001 - gensim.models.ldamodel - INFO - topic diff=0.001464, rho=0.267261
2024-08-20 13:53:15,003 - gensim.models.ldamodel - INFO - -5.940 per-word bound, 61.4 perplexity estimate based on a held-out corpus of 10 documents with 303 words
2024-08-20 13:53:15,003 - gensim.models.ldamodel - INFO - -5.940 per-word bound, 61.4 perplexity estimate based on a held-out corpus of 10 documents with 303 words
2024-08-20 13:53:15,004 - gensim.models.ldamodel - INFO - PROGRESS: pass 13, at document #10/10
2024-08-20 13:53:15,004 - gensim.models.ldamodel - INFO - PROGRESS: pass 13, at document #10/10
2024-08-20 13:53:15,005 - gensim.models.ldamodel - INFO - topic #6 (0.100): 0.032*"burger" + 0.022*"best" + 0.022*"milkshakes" + 0.022*"friendly" + 0.022*"bbq" + 0.022*"milkshake" + 0.022*"oreo" + 0.022*"fries" + 0.022*"garlic" + 0.011*"also"
2024-08-20 13:53:15,005 - gensim.models.ldamodel - INFO - topic #6 (0.100): 0.032*"burger" + 0.022*"best" + 0.022*"milkshakes" + 0.022*"friendly" + 0.022*"bbq" + 0.022*"milkshake" + 0.022*"oreo" + 0.022*"fries" + 0.022*"garlic" + 0.011*"also"
2024-08-20 13:53:15,005 - gensim.models.ldamodel - INFO - topic #9 (0.100): 0.005*"burgers" + 0.005*"burger" + 0.005*"staff" + 0.005*"approved" + 0.005*"home" + 0.005*"milkshakes" + 0.005*"phat" + 0.005*"service" + 0.005*"fries" + 0.005*"options"
2024-08-20 13:53:15,005 - gensim.models.ldamodel - INFO - topic #9 (0.100): 0.005*"burgers" + 0.005*"burger" + 0.005*"staff" + 0.005*"approved" + 0.005*"home" + 0.005*"milkshakes" + 0.005*"phat" + 0.005*"service" + 0.005*"fries" + 0.005*"options"
2024-08-20 13:53:15,005 - gensim.models.ldamodel - INFO - topic #2 (0.100): 0.060*"burger" + 0.025*"sauce" + 0.025*"usually" + 0.025*"flavor" + 0.025*"meat" + 0.013*"tables" + 0.013*"dining" + 0.013*"pearl" + 0.013*"fresh" + 0.013*"top"
2024-08-20 13:53:15,005 - gensim.models.ldamodel - INFO - topic #2 (0.100): 0.060*"burger" + 0.025*"sauce" + 0.025*"usually" + 0.025*"flavor" + 0.025*"meat" + 0.013*"tables" + 0.013*"dining" + 0.013*"pearl" + 0.013*"fresh" + 0.013*"top"
2024-08-20 13:53:15,006 - gensim.models.ldamodel - INFO - topic #3 (0.100): 0.045*"burgers" + 0.024*"staff" + 0.024*"milkshakes" + 0.024*"online" + 0.024*"miss" + 0.024*"clear" + 0.024*"called" + 0.024*"never" + 0.024*"notch" + 0.024*"phone"
2024-08-20 13:53:15,006 - gensim.models.ldamodel - INFO - topic #3 (0.100): 0.045*"burgers" + 0.024*"staff" + 0.024*"milkshakes" + 0.024*"online" + 0.024*"miss" + 0.024*"clear" + 0.024*"called" + 0.024*"never" + 0.024*"notch" + 0.024*"phone"
2024-08-20 13:53:15,006 - gensim.models.ldamodel - INFO - topic #5 (0.100): 0.005*"burgers" + 0.005*"home" + 0.005*"burger" + 0.005*"service" + 0.005*"milkshakes" + 0.005*"definitely" + 0.005*"fries" + 0.005*"options" + 0.005*"oreo" + 0.005*"local"
2024-08-20 13:53:15,006 - gensim.models.ldamodel - INFO - topic #5 (0.100): 0.005*"burgers" + 0.005*"home" + 0.005*"burger" + 0.005*"service" + 0.005*"milkshakes" + 0.005*"definitely" + 0.005*"fries" + 0.005*"options" + 0.005*"oreo" + 0.005*"local"
2024-08-20 13:53:15,006 - gensim.models.ldamodel - INFO - topic diff=0.001044, rho=0.258199
2024-08-20 13:53:15,006 - gensim.models.ldamodel - INFO - topic diff=0.001044, rho=0.258199
2024-08-20 13:53:15,008 - gensim.models.ldamodel - INFO - -5.940 per-word bound, 61.4 perplexity estimate based on a held-out corpus of 10 documents with 303 words
2024-08-20 13:53:15,008 - gensim.models.ldamodel - INFO - -5.940 per-word bound, 61.4 perplexity estimate based on a held-out corpus of 10 documents with 303 words
2024-08-20 13:53:15,008 - gensim.models.ldamodel - INFO - PROGRESS: pass 14, at document #10/10
2024-08-20 13:53:15,008 - gensim.models.ldamodel - INFO - PROGRESS: pass 14, at document #10/10
2024-08-20 13:53:15,010 - gensim.models.ldamodel - INFO - topic #7 (0.100): 0.005*"burger" + 0.005*"burgers" + 0.005*"milkshakes" + 0.005*"many" + 0.005*"local" + 0.005*"new" + 0.005*"milkshake" + 0.005*"places" + 0.005*"lots" + 0.005*"generous"
2024-08-20 13:53:15,010 - gensim.models.ldamodel - INFO - topic #7 (0.100): 0.005*"burger" + 0.005*"burgers" + 0.005*"milkshakes" + 0.005*"many" + 0.005*"local" + 0.005*"new" + 0.005*"milkshake" + 0.005*"places" + 0.005*"lots" + 0.005*"generous"
2024-08-20 13:53:15,010 - gensim.models.ldamodel - INFO - topic #0 (0.100): 0.059*"always" + 0.021*"home" + 0.021*"burgers" + 0.021*"friendly" + 0.021*"tables" + 0.021*"vibe" + 0.021*"clean" + 0.021*"th" + 0.021*"holy" + 0.021*"mercy"
2024-08-20 13:53:15,010 - gensim.models.ldamodel - INFO - topic #0 (0.100): 0.059*"always" + 0.021*"home" + 0.021*"burgers" + 0.021*"friendly" + 0.021*"tables" + 0.021*"vibe" + 0.021*"clean" + 0.021*"th" + 0.021*"holy" + 0.021*"mercy"
2024-08-20 13:53:15,011 - gensim.models.ldamodel - INFO - topic #6 (0.100): 0.032*"burger" + 0.022*"best" + 0.022*"milkshakes" + 0.022*"friendly" + 0.022*"bbq" + 0.022*"milkshake" + 0.022*"oreo" + 0.022*"fries" + 0.022*"garlic" + 0.011*"also"
2024-08-20 13:53:15,011 - gensim.models.ldamodel - INFO - topic #6 (0.100): 0.032*"burger" + 0.022*"best" + 0.022*"milkshakes" + 0.022*"friendly" + 0.022*"bbq" + 0.022*"milkshake" + 0.022*"oreo" + 0.022*"fries" + 0.022*"garlic" + 0.011*"also"
2024-08-20 13:53:15,011 - gensim.models.ldamodel - INFO - topic #2 (0.100): 0.060*"burger" + 0.025*"sauce" + 0.025*"usually" + 0.025*"flavor" + 0.025*"meat" + 0.013*"tables" + 0.013*"dining" + 0.013*"fresh" + 0.013*"pearl" + 0.013*"top"
2024-08-20 13:53:15,011 - gensim.models.ldamodel - INFO - topic #2 (0.100): 0.060*"burger" + 0.025*"sauce" + 0.025*"usually" + 0.025*"flavor" + 0.025*"meat" + 0.013*"tables" + 0.013*"dining" + 0.013*"fresh" + 0.013*"pearl" + 0.013*"top"
2024-08-20 13:53:15,011 - gensim.models.ldamodel - INFO - topic #3 (0.100): 0.045*"burgers" + 0.024*"staff" + 0.024*"milkshakes" + 0.024*"online" + 0.024*"miss" + 0.024*"clear" + 0.024*"called" + 0.024*"never" + 0.024*"notch" + 0.024*"phone"
2024-08-20 13:53:15,011 - gensim.models.ldamodel - INFO - topic #3 (0.100): 0.045*"burgers" + 0.024*"staff" + 0.024*"milkshakes" + 0.024*"online" + 0.024*"miss" + 0.024*"clear" + 0.024*"called" + 0.024*"never" + 0.024*"notch" + 0.024*"phone"
2024-08-20 13:53:15,011 - gensim.models.ldamodel - INFO - topic diff=0.000754, rho=0.250000
2024-08-20 13:53:15,011 - gensim.models.ldamodel - INFO - topic diff=0.000754, rho=0.250000
2024-08-20 13:53:15,014 - gensim.models.ldamodel - INFO - -5.940 per-word bound, 61.4 perplexity estimate based on a held-out corpus of 10 documents with 303 words
2024-08-20 13:53:15,014 - gensim.models.ldamodel - INFO - -5.940 per-word bound, 61.4 perplexity estimate based on a held-out corpus of 10 documents with 303 words
2024-08-20 13:53:15,014 - gensim.models.ldamodel - INFO - PROGRESS: pass 15, at document #10/10
2024-08-20 13:53:15,014 - gensim.models.ldamodel - INFO - PROGRESS: pass 15, at document #10/10
2024-08-20 13:53:15,015 - gensim.models.ldamodel - INFO - topic #5 (0.100): 0.005*"lots" + 0.005*"local" + 0.005*"new" + 0.005*"milkshake" + 0.005*"many" + 0.005*"places" + 0.005*"lot" + 0.005*"generous" + 0.005*"highly" + 0.005*"portions"
2024-08-20 13:53:15,015 - gensim.models.ldamodel - INFO - topic #5 (0.100): 0.005*"lots" + 0.005*"local" + 0.005*"new" + 0.005*"milkshake" + 0.005*"many" + 0.005*"places" + 0.005*"lot" + 0.005*"generous" + 0.005*"highly" + 0.005*"portions"
2024-08-20 13:53:15,016 - gensim.models.ldamodel - INFO - topic #8 (0.100): 0.020*"bbq" + 0.020*"home" + 0.020*"dining" + 0.020*"worth" + 0.020*"friendly" + 0.020*"food" + 0.020*"service" + 0.020*"used" + 0.020*"downside" + 0.020*"price"
2024-08-20 13:53:15,016 - gensim.models.ldamodel - INFO - topic #8 (0.100): 0.020*"bbq" + 0.020*"home" + 0.020*"dining" + 0.020*"worth" + 0.020*"friendly" + 0.020*"food" + 0.020*"service" + 0.020*"used" + 0.020*"downside" + 0.020*"price"
2024-08-20 13:53:15,016 - gensim.models.ldamodel - INFO - topic #1 (0.100): 0.055*"burger" + 0.055*"joint" + 0.037*"service" + 0.037*"much" + 0.020*"bob" + 0.020*"phat" + 0.020*"fries" + 0.020*"rings" + 0.020*"onion" + 0.020*"need"
2024-08-20 13:53:15,016 - gensim.models.ldamodel - INFO - topic #1 (0.100): 0.055*"burger" + 0.055*"joint" + 0.037*"service" + 0.037*"much" + 0.020*"bob" + 0.020*"phat" + 0.020*"fries" + 0.020*"rings" + 0.020*"onion" + 0.020*"need"
2024-08-20 13:53:15,016 - gensim.models.ldamodel - INFO - topic #0 (0.100): 0.059*"always" + 0.021*"home" + 0.021*"burgers" + 0.021*"friendly" + 0.021*"tables" + 0.021*"vibe" + 0.021*"clean" + 0.021*"overall" + 0.021*"prices" + 0.021*"pearls"
2024-08-20 13:53:15,016 - gensim.models.ldamodel - INFO - topic #0 (0.100): 0.059*"always" + 0.021*"home" + 0.021*"burgers" + 0.021*"friendly" + 0.021*"tables" + 0.021*"vibe" + 0.021*"clean" + 0.021*"overall" + 0.021*"prices" + 0.021*"pearls"
2024-08-20 13:53:15,016 - gensim.models.ldamodel - INFO - topic #6 (0.100): 0.032*"burger" + 0.022*"best" + 0.022*"milkshakes" + 0.022*"friendly" + 0.022*"bbq" + 0.022*"milkshake" + 0.022*"oreo" + 0.022*"fries" + 0.022*"garlic" + 0.011*"also"
2024-08-20 13:53:15,016 - gensim.models.ldamodel - INFO - topic #6 (0.100): 0.032*"burger" + 0.022*"best" + 0.022*"milkshakes" + 0.022*"friendly" + 0.022*"bbq" + 0.022*"milkshake" + 0.022*"oreo" + 0.022*"fries" + 0.022*"garlic" + 0.011*"also"
2024-08-20 13:53:15,017 - gensim.models.ldamodel - INFO - topic diff=0.000551, rho=0.242536
2024-08-20 13:53:15,017 - gensim.models.ldamodel - INFO - topic diff=0.000551, rho=0.242536
2024-08-20 13:53:15,018 - gensim.models.ldamodel - INFO - -5.940 per-word bound, 61.4 perplexity estimate based on a held-out corpus of 10 documents with 303 words
2024-08-20 13:53:15,018 - gensim.models.ldamodel - INFO - -5.940 per-word bound, 61.4 perplexity estimate based on a held-out corpus of 10 documents with 303 words
2024-08-20 13:53:15,019 - gensim.models.ldamodel - INFO - PROGRESS: pass 16, at document #10/10
2024-08-20 13:53:15,019 - gensim.models.ldamodel - INFO - PROGRESS: pass 16, at document #10/10
2024-08-20 13:53:15,020 - gensim.models.ldamodel - INFO - topic #9 (0.100): 0.005*"lots" + 0.005*"local" + 0.005*"new" + 0.005*"milkshake" + 0.005*"many" + 0.005*"places" + 0.005*"lot" + 0.005*"generous" + 0.005*"highly" + 0.005*"portions"
2024-08-20 13:53:15,020 - gensim.models.ldamodel - INFO - topic #9 (0.100): 0.005*"lots" + 0.005*"local" + 0.005*"new" + 0.005*"milkshake" + 0.005*"many" + 0.005*"places" + 0.005*"lot" + 0.005*"generous" + 0.005*"highly" + 0.005*"portions"
2024-08-20 13:53:15,020 - gensim.models.ldamodel - INFO - topic #3 (0.100): 0.045*"burgers" + 0.024*"staff" + 0.024*"milkshakes" + 0.024*"question" + 0.024*"phone" + 0.024*"online" + 0.024*"notch" + 0.024*"nice" + 0.024*"never" + 0.024*"miss"
2024-08-20 13:53:15,020 - gensim.models.ldamodel - INFO - topic #3 (0.100): 0.045*"burgers" + 0.024*"staff" + 0.024*"milkshakes" + 0.024*"question" + 0.024*"phone" + 0.024*"online" + 0.024*"notch" + 0.024*"nice" + 0.024*"never" + 0.024*"miss"
2024-08-20 13:53:15,020 - gensim.models.ldamodel - INFO - topic #0 (0.100): 0.059*"always" + 0.021*"home" + 0.021*"burgers" + 0.021*"tables" + 0.021*"friendly" + 0.021*"vibe" + 0.021*"overall" + 0.021*"clean" + 0.021*"prices" + 0.021*"perfection"
2024-08-20 13:53:15,020 - gensim.models.ldamodel - INFO - topic #0 (0.100): 0.059*"always" + 0.021*"home" + 0.021*"burgers" + 0.021*"tables" + 0.021*"friendly" + 0.021*"vibe" + 0.021*"overall" + 0.021*"clean" + 0.021*"prices" + 0.021*"perfection"
2024-08-20 13:53:15,021 - gensim.models.ldamodel - INFO - topic #8 (0.100): 0.020*"bbq" + 0.020*"home" + 0.020*"dining" + 0.020*"worth" + 0.020*"friendly" + 0.020*"food" + 0.020*"service" + 0.020*"used" + 0.020*"downside" + 0.020*"price"
2024-08-20 13:53:15,021 - gensim.models.ldamodel - INFO - topic #8 (0.100): 0.020*"bbq" + 0.020*"home" + 0.020*"dining" + 0.020*"worth" + 0.020*"friendly" + 0.020*"food" + 0.020*"service" + 0.020*"used" + 0.020*"downside" + 0.020*"price"
2024-08-20 13:53:15,021 - gensim.models.ldamodel - INFO - topic #1 (0.100): 0.055*"burger" + 0.055*"joint" + 0.037*"service" + 0.037*"much" + 0.020*"bob" + 0.020*"phat" + 0.020*"fries" + 0.020*"rings" + 0.020*"onion" + 0.020*"need"
2024-08-20 13:53:15,021 - gensim.models.ldamodel - INFO - topic #1 (0.100): 0.055*"burger" + 0.055*"joint" + 0.037*"service" + 0.037*"much" + 0.020*"bob" + 0.020*"phat" + 0.020*"fries" + 0.020*"rings" + 0.020*"onion" + 0.020*"need"
2024-08-20 13:53:15,021 - gensim.models.ldamodel - INFO - topic diff=0.000406, rho=0.235702
2024-08-20 13:53:15,021 - gensim.models.ldamodel - INFO - topic diff=0.000406, rho=0.235702
2024-08-20 13:53:15,023 - gensim.models.ldamodel - INFO - -5.940 per-word bound, 61.4 perplexity estimate based on a held-out corpus of 10 documents with 303 words
2024-08-20 13:53:15,023 - gensim.models.ldamodel - INFO - -5.940 per-word bound, 61.4 perplexity estimate based on a held-out corpus of 10 documents with 303 words
2024-08-20 13:53:15,023 - gensim.models.ldamodel - INFO - PROGRESS: pass 17, at document #10/10
2024-08-20 13:53:15,023 - gensim.models.ldamodel - INFO - PROGRESS: pass 17, at document #10/10
2024-08-20 13:53:15,024 - gensim.models.ldamodel - INFO - topic #2 (0.100): 0.060*"burger" + 0.025*"sauce" + 0.025*"usually" + 0.025*"flavor" + 0.025*"meat" + 0.013*"tables" + 0.013*"dining" + 0.013*"pearl" + 0.013*"fresh" + 0.013*"top"
2024-08-20 13:53:15,024 - gensim.models.ldamodel - INFO - topic #2 (0.100): 0.060*"burger" + 0.025*"sauce" + 0.025*"usually" + 0.025*"flavor" + 0.025*"meat" + 0.013*"tables" + 0.013*"dining" + 0.013*"pearl" + 0.013*"fresh" + 0.013*"top"
2024-08-20 13:53:15,024 - gensim.models.ldamodel - INFO - topic #9 (0.100): 0.005*"lots" + 0.005*"local" + 0.005*"new" + 0.005*"milkshake" + 0.005*"many" + 0.005*"places" + 0.005*"lot" + 0.005*"generous" + 0.005*"highly" + 0.005*"portions"
2024-08-20 13:53:15,024 - gensim.models.ldamodel - INFO - topic #9 (0.100): 0.005*"lots" + 0.005*"local" + 0.005*"new" + 0.005*"milkshake" + 0.005*"many" + 0.005*"places" + 0.005*"lot" + 0.005*"generous" + 0.005*"highly" + 0.005*"portions"
2024-08-20 13:53:15,025 - gensim.models.ldamodel - INFO - topic #7 (0.100): 0.005*"lots" + 0.005*"local" + 0.005*"new" + 0.005*"milkshake" + 0.005*"many" + 0.005*"places" + 0.005*"lot" + 0.005*"generous" + 0.005*"highly" + 0.005*"portions"
2024-08-20 13:53:15,025 - gensim.models.ldamodel - INFO - topic #7 (0.100): 0.005*"lots" + 0.005*"local" + 0.005*"new" + 0.005*"milkshake" + 0.005*"many" + 0.005*"places" + 0.005*"lot" + 0.005*"generous" + 0.005*"highly" + 0.005*"portions"
2024-08-20 13:53:15,025 - gensim.models.ldamodel - INFO - topic #4 (0.100): 0.050*"burger" + 0.050*"meat" + 0.034*"patty" + 0.034*"buffalo" + 0.018*"try" + 0.018*"sauce" + 0.018*"onions" + 0.018*"without" + 0.018*"taste" + 0.018*"hungry"
2024-08-20 13:53:15,025 - gensim.models.ldamodel - INFO - topic #4 (0.100): 0.050*"burger" + 0.050*"meat" + 0.034*"patty" + 0.034*"buffalo" + 0.018*"try" + 0.018*"sauce" + 0.018*"onions" + 0.018*"without" + 0.018*"taste" + 0.018*"hungry"
2024-08-20 13:53:15,025 - gensim.models.ldamodel - INFO - topic #8 (0.100): 0.020*"bbq" + 0.020*"home" + 0.020*"dining" + 0.020*"worth" + 0.020*"friendly" + 0.020*"food" + 0.020*"service" + 0.020*"used" + 0.020*"downside" + 0.020*"price"
2024-08-20 13:53:15,025 - gensim.models.ldamodel - INFO - topic #8 (0.100): 0.020*"bbq" + 0.020*"home" + 0.020*"dining" + 0.020*"worth" + 0.020*"friendly" + 0.020*"food" + 0.020*"service" + 0.020*"used" + 0.020*"downside" + 0.020*"price"
2024-08-20 13:53:15,025 - gensim.models.ldamodel - INFO - topic diff=0.000303, rho=0.229416
2024-08-20 13:53:15,025 - gensim.models.ldamodel - INFO - topic diff=0.000303, rho=0.229416
2024-08-20 13:53:15,027 - gensim.models.ldamodel - INFO - -5.940 per-word bound, 61.4 perplexity estimate based on a held-out corpus of 10 documents with 303 words
2024-08-20 13:53:15,027 - gensim.models.ldamodel - INFO - -5.940 per-word bound, 61.4 perplexity estimate based on a held-out corpus of 10 documents with 303 words
2024-08-20 13:53:15,027 - gensim.models.ldamodel - INFO - PROGRESS: pass 18, at document #10/10
2024-08-20 13:53:15,027 - gensim.models.ldamodel - INFO - PROGRESS: pass 18, at document #10/10
2024-08-20 13:53:15,028 - gensim.models.ldamodel - INFO - topic #1 (0.100): 0.055*"burger" + 0.055*"joint" + 0.037*"service" + 0.037*"much" + 0.020*"bob" + 0.020*"phat" + 0.020*"fries" + 0.020*"onion" + 0.020*"rings" + 0.020*"needed"
2024-08-20 13:53:15,028 - gensim.models.ldamodel - INFO - topic #1 (0.100): 0.055*"burger" + 0.055*"joint" + 0.037*"service" + 0.037*"much" + 0.020*"bob" + 0.020*"phat" + 0.020*"fries" + 0.020*"onion" + 0.020*"rings" + 0.020*"needed"
2024-08-20 13:53:15,028 - gensim.models.ldamodel - INFO - topic #0 (0.100): 0.059*"always" + 0.021*"home" + 0.021*"burgers" + 0.021*"tables" + 0.021*"friendly" + 0.021*"vibe" + 0.021*"clean" + 0.021*"business" + 0.021*"pearls" + 0.021*"lease"
2024-08-20 13:53:15,028 - gensim.models.ldamodel - INFO - topic #0 (0.100): 0.059*"always" + 0.021*"home" + 0.021*"burgers" + 0.021*"tables" + 0.021*"friendly" + 0.021*"vibe" + 0.021*"clean" + 0.021*"business" + 0.021*"pearls" + 0.021*"lease"
2024-08-20 13:53:15,029 - gensim.models.ldamodel - INFO - topic #5 (0.100): 0.005*"lots" + 0.005*"local" + 0.005*"new" + 0.005*"milkshake" + 0.005*"many" + 0.005*"places" + 0.005*"lot" + 0.005*"generous" + 0.005*"highly" + 0.005*"portions"
2024-08-20 13:53:15,029 - gensim.models.ldamodel - INFO - topic #5 (0.100): 0.005*"lots" + 0.005*"local" + 0.005*"new" + 0.005*"milkshake" + 0.005*"many" + 0.005*"places" + 0.005*"lot" + 0.005*"generous" + 0.005*"highly" + 0.005*"portions"
2024-08-20 13:53:15,029 - gensim.models.ldamodel - INFO - topic #2 (0.100): 0.060*"burger" + 0.025*"sauce" + 0.025*"usually" + 0.025*"flavor" + 0.025*"meat" + 0.013*"tables" + 0.013*"dining" + 0.013*"pearl" + 0.013*"fresh" + 0.013*"top"
2024-08-20 13:53:15,029 - gensim.models.ldamodel - INFO - topic #2 (0.100): 0.060*"burger" + 0.025*"sauce" + 0.025*"usually" + 0.025*"flavor" + 0.025*"meat" + 0.013*"tables" + 0.013*"dining" + 0.013*"pearl" + 0.013*"fresh" + 0.013*"top"
2024-08-20 13:53:15,029 - gensim.models.ldamodel - INFO - topic #8 (0.100): 0.020*"home" + 0.020*"bbq" + 0.020*"dining" + 0.020*"worth" + 0.020*"friendly" + 0.020*"food" + 0.020*"service" + 0.020*"used" + 0.020*"downside" + 0.020*"price"
2024-08-20 13:53:15,029 - gensim.models.ldamodel - INFO - topic #8 (0.100): 0.020*"home" + 0.020*"bbq" + 0.020*"dining" + 0.020*"worth" + 0.020*"friendly" + 0.020*"food" + 0.020*"service" + 0.020*"used" + 0.020*"downside" + 0.020*"price"
2024-08-20 13:53:15,029 - gensim.models.ldamodel - INFO - topic diff=0.000228, rho=0.223607
2024-08-20 13:53:15,029 - gensim.models.ldamodel - INFO - topic diff=0.000228, rho=0.223607
2024-08-20 13:53:15,031 - gensim.models.ldamodel - INFO - -5.940 per-word bound, 61.4 perplexity estimate based on a held-out corpus of 10 documents with 303 words
2024-08-20 13:53:15,031 - gensim.models.ldamodel - INFO - -5.940 per-word bound, 61.4 perplexity estimate based on a held-out corpus of 10 documents with 303 words
2024-08-20 13:53:15,031 - gensim.models.ldamodel - INFO - PROGRESS: pass 19, at document #10/10
2024-08-20 13:53:15,031 - gensim.models.ldamodel - INFO - PROGRESS: pass 19, at document #10/10
2024-08-20 13:53:15,032 - gensim.models.ldamodel - INFO - topic #3 (0.100): 0.045*"burgers" + 0.024*"staff" + 0.024*"milkshakes" + 0.024*"online" + 0.024*"miss" + 0.024*"clear" + 0.024*"called" + 0.024*"nice" + 0.024*"notch" + 0.024*"question"
2024-08-20 13:53:15,032 - gensim.models.ldamodel - INFO - topic #3 (0.100): 0.045*"burgers" + 0.024*"staff" + 0.024*"milkshakes" + 0.024*"online" + 0.024*"miss" + 0.024*"clear" + 0.024*"called" + 0.024*"nice" + 0.024*"notch" + 0.024*"question"
2024-08-20 13:53:15,032 - gensim.models.ldamodel - INFO - topic #0 (0.100): 0.059*"always" + 0.021*"home" + 0.021*"burgers" + 0.021*"tables" + 0.021*"friendly" + 0.021*"vibe" + 0.021*"clean" + 0.021*"overall" + 0.021*"holy" + 0.021*"pearls"
2024-08-20 13:53:15,032 - gensim.models.ldamodel - INFO - topic #0 (0.100): 0.059*"always" + 0.021*"home" + 0.021*"burgers" + 0.021*"tables" + 0.021*"friendly" + 0.021*"vibe" + 0.021*"clean" + 0.021*"overall" + 0.021*"holy" + 0.021*"pearls"
2024-08-20 13:53:15,033 - gensim.models.ldamodel - INFO - topic #6 (0.100): 0.032*"burger" + 0.022*"best" + 0.022*"milkshakes" + 0.022*"friendly" + 0.022*"bbq" + 0.022*"milkshake" + 0.022*"oreo" + 0.022*"fries" + 0.022*"garlic" + 0.011*"super"
2024-08-20 13:53:15,033 - gensim.models.ldamodel - INFO - topic #6 (0.100): 0.032*"burger" + 0.022*"best" + 0.022*"milkshakes" + 0.022*"friendly" + 0.022*"bbq" + 0.022*"milkshake" + 0.022*"oreo" + 0.022*"fries" + 0.022*"garlic" + 0.011*"super"
2024-08-20 13:53:15,033 - gensim.models.ldamodel - INFO - topic #9 (0.100): 0.005*"lots" + 0.005*"local" + 0.005*"new" + 0.005*"milkshake" + 0.005*"many" + 0.005*"places" + 0.005*"lot" + 0.005*"generous" + 0.005*"highly" + 0.005*"portions"
2024-08-20 13:53:15,033 - gensim.models.ldamodel - INFO - topic #9 (0.100): 0.005*"lots" + 0.005*"local" + 0.005*"new" + 0.005*"milkshake" + 0.005*"many" + 0.005*"places" + 0.005*"lot" + 0.005*"generous" + 0.005*"highly" + 0.005*"portions"
2024-08-20 13:53:15,033 - gensim.models.ldamodel - INFO - topic #2 (0.100): 0.060*"burger" + 0.025*"sauce" + 0.025*"usually" + 0.025*"flavor" + 0.025*"meat" + 0.013*"tables" + 0.013*"dining" + 0.013*"fresh" + 0.013*"pearl" + 0.013*"top"
2024-08-20 13:53:15,033 - gensim.models.ldamodel - INFO - topic #2 (0.100): 0.060*"burger" + 0.025*"sauce" + 0.025*"usually" + 0.025*"flavor" + 0.025*"meat" + 0.013*"tables" + 0.013*"dining" + 0.013*"fresh" + 0.013*"pearl" + 0.013*"top"
2024-08-20 13:53:15,033 - gensim.models.ldamodel - INFO - topic diff=0.000173, rho=0.218218
2024-08-20 13:53:15,033 - gensim.models.ldamodel - INFO - topic diff=0.000173, rho=0.218218
2024-08-20 13:53:15,034 - gensim.utils - INFO - LdaModel lifecycle event {'msg': 'trained LdaModel<num_terms=213, num_topics=10, decay=0.5, chunksize=2000> in 0.10s', 'datetime': '2024-08-20T13:53:15.034155', 'gensim': '4.3.3', 'python': '3.11.4 (main, Jun 20 2023, 17:23:00) [Clang 14.0.3 (clang-1403.0.22.14.1)]', 'platform': 'macOS-14.0-arm64-arm-64bit', 'event': 'created'}
2024-08-20 13:53:15,034 - gensim.utils - INFO - LdaModel lifecycle event {'msg': 'trained LdaModel<num_terms=213, num_topics=10, decay=0.5, chunksize=2000> in 0.10s', 'datetime': '2024-08-20T13:53:15.034155', 'gensim': '4.3.3', 'python': '3.11.4 (main, Jun 20 2023, 17:23:00) [Clang 14.0.3 (clang-1403.0.22.14.1)]', 'platform': 'macOS-14.0-arm64-arm-64bit', 'event': 'created'}
2024-08-20 13:53:15,145 - root - INFO - Review analysis completed
2024-08-20 13:53:15,145 - root - INFO - Review analysis completed
2024-08-20 13:53:15,162 - botocore.credentials - INFO - Found credentials in environment variables.
2024-08-20 13:53:15,162 - botocore.credentials - INFO - Found credentials in environment variables.
2024-08-20 13:53:15,471 - root - INFO - Analysis and saving to DynamoDB completed.
2024-08-20 13:53:15,471 - root - INFO - Analysis and saving to DynamoDB completed.
2024-08-20 13:53:15,471 - root - INFO - Initial onboarding completed for YelpConnector
2024-08-20 13:53:15,471 - root - INFO - Initial onboarding completed for YelpConnector
2024-08-20 13:53:15,473 - werkzeug - INFO - 127.0.0.1 - - [20/Aug/2024 13:53:15] "[35m[1mPOST /reviews HTTP/1.1[0m" 202 -
2024-08-20 13:53:15,473 - werkzeug - INFO - 127.0.0.1 - - [20/Aug/2024 13:53:15] "[35m[1mPOST /reviews HTTP/1.1[0m" 202 -
2024-08-20 13:56:36,035 - werkzeug - INFO -  * Detected change in '/Users/daniel/opinio-services/models/models.py', reloading
2024-08-20 13:56:36,035 - werkzeug - INFO -  * Detected change in '/Users/daniel/opinio-services/models/models.py', reloading
2024-08-20 19:50:07,991 - root - ERROR - An error occurred while processing user data: Item does not exist
Traceback (most recent call last):
  File "/Users/daniel/opinio-services/application.py", line 144, in sync_reviews_wrapper
    job = initial_onboarding(connector, company_id)
          ^^^^^^^^^^^^^^^^^^^^^^^^^^^^^^^^^^^^^^^^^
  File "/Users/daniel/opinio-services/connectors/worker_tasks.py", line 29, in initial_onboarding
    connector = ConnectorFactory(
                ^^^^^^^^^^^^^^^^^
  File "/Users/daniel/opinio-services/connectors/factory.py", line 15, in __init__
    self.connector_instance = self.create_connector_instance()
                              ^^^^^^^^^^^^^^^^^^^^^^^^^^^^^^^^
  File "/Users/daniel/opinio-services/connectors/factory.py", line 25, in create_connector_instance
    return connector_classes.get(self.type)(config)
           ^^^^^^^^^^^^^^^^^^^^^^^^^^^^^^^^^^^^^^^^
  File "/Users/daniel/opinio-services/connectors/yelp.py", line 24, in __init__
    self.job = JobModel.get(self.job_id)
               ^^^^^^^^^^^^^^^^^^^^^^^^^
  File "/Users/daniel/Library/Caches/pypoetry/virtualenvs/opinio-services-Sk_57f8U-py3.11/lib/python3.11/site-packages/pynamodb/models.py", line 555, in get
    raise cls.DoesNotExist()
models.models.JobModel.DoesNotExist: Item does not exist
2024-08-20 19:50:07,996 - werkzeug - INFO - 127.0.0.1 - - [20/Aug/2024 19:50:07] "[31m[1mPOST /reviews HTTP/1.1[0m" 400 -
2024-08-20 19:50:32,827 - werkzeug - INFO -  * Detected change in '/Users/daniel/opinio-services/connectors/yelp.py', reloading
2024-08-20 19:50:40,810 - root - INFO - Starting initial onboarding for config MapAttribute(business_id='asd'), fetching 10 reviews
2024-08-20 19:50:40,810 - root - INFO - Starting initial onboarding for config MapAttribute(business_id='asd'), fetching 10 reviews
2024-08-20 19:50:40,823 - root - INFO - No last sync date provided, fetching all reviews.
2024-08-20 19:50:40,823 - root - INFO - No last sync date provided, fetching all reviews.
2024-08-20 19:50:40,823 - root - INFO - Fetching reviews for business_id: asd, company_id: google, last_sync: None, n_reviews: 10, start_offset: 0
2024-08-20 19:50:40,823 - root - INFO - Fetching reviews for business_id: asd, company_id: google, last_sync: None, n_reviews: 10, start_offset: 0
2024-08-20 19:50:40,824 - root - INFO - Fetching page 1 (attempt 1/5)
2024-08-20 19:50:40,824 - root - INFO - Fetching page 1 (attempt 1/5)
2024-08-20 19:50:43,107 - root - WARNING - response: <Response [400]>
2024-08-20 19:50:43,107 - root - WARNING - response: <Response [400]>
2024-08-20 19:50:43,108 - root - WARNING - Request failed: 400 Client Error: Bad Request for url: https://red-flower-business-data.p.rapidapi.com/business-reviews?business_id=asd&page=1&page_size=4&num_pages=1&sort=NEWEST&language=en. Retrying in 1.00 seconds... (attempt 1/5)
2024-08-20 19:50:43,108 - root - WARNING - Request failed: 400 Client Error: Bad Request for url: https://red-flower-business-data.p.rapidapi.com/business-reviews?business_id=asd&page=1&page_size=4&num_pages=1&sort=NEWEST&language=en. Retrying in 1.00 seconds... (attempt 1/5)
2024-08-20 19:50:44,113 - root - INFO - Fetching page 1 (attempt 2/5)
2024-08-20 19:50:44,113 - root - INFO - Fetching page 1 (attempt 2/5)
2024-08-20 19:50:44,790 - root - WARNING - response: <Response [400]>
2024-08-20 19:50:44,790 - root - WARNING - response: <Response [400]>
2024-08-20 19:50:44,790 - root - WARNING - Request failed: 400 Client Error: Bad Request for url: https://red-flower-business-data.p.rapidapi.com/business-reviews?business_id=asd&page=1&page_size=4&num_pages=1&sort=NEWEST&language=en. Retrying in 2.00 seconds... (attempt 2/5)
2024-08-20 19:50:44,790 - root - WARNING - Request failed: 400 Client Error: Bad Request for url: https://red-flower-business-data.p.rapidapi.com/business-reviews?business_id=asd&page=1&page_size=4&num_pages=1&sort=NEWEST&language=en. Retrying in 2.00 seconds... (attempt 2/5)
2024-08-20 19:50:46,795 - root - INFO - Fetching page 1 (attempt 3/5)
2024-08-20 19:50:46,795 - root - INFO - Fetching page 1 (attempt 3/5)
2024-08-20 19:50:47,717 - root - WARNING - response: <Response [400]>
2024-08-20 19:50:47,717 - root - WARNING - response: <Response [400]>
2024-08-20 19:50:47,718 - root - WARNING - Request failed: 400 Client Error: Bad Request for url: https://red-flower-business-data.p.rapidapi.com/business-reviews?business_id=asd&page=1&page_size=4&num_pages=1&sort=NEWEST&language=en. Retrying in 4.00 seconds... (attempt 3/5)
2024-08-20 19:50:47,718 - root - WARNING - Request failed: 400 Client Error: Bad Request for url: https://red-flower-business-data.p.rapidapi.com/business-reviews?business_id=asd&page=1&page_size=4&num_pages=1&sort=NEWEST&language=en. Retrying in 4.00 seconds... (attempt 3/5)
2024-08-20 19:50:51,721 - root - INFO - Fetching page 1 (attempt 4/5)
2024-08-20 19:50:51,721 - root - INFO - Fetching page 1 (attempt 4/5)
2024-08-20 19:50:52,259 - root - WARNING - response: <Response [400]>
2024-08-20 19:50:52,259 - root - WARNING - response: <Response [400]>
2024-08-20 19:50:52,259 - root - WARNING - Request failed: 400 Client Error: Bad Request for url: https://red-flower-business-data.p.rapidapi.com/business-reviews?business_id=asd&page=1&page_size=4&num_pages=1&sort=NEWEST&language=en. Retrying in 8.00 seconds... (attempt 4/5)
2024-08-20 19:50:52,259 - root - WARNING - Request failed: 400 Client Error: Bad Request for url: https://red-flower-business-data.p.rapidapi.com/business-reviews?business_id=asd&page=1&page_size=4&num_pages=1&sort=NEWEST&language=en. Retrying in 8.00 seconds... (attempt 4/5)
2024-08-20 19:51:00,264 - root - INFO - Fetching page 1 (attempt 5/5)
2024-08-20 19:51:00,264 - root - INFO - Fetching page 1 (attempt 5/5)
2024-08-20 19:51:01,641 - root - WARNING - response: <Response [400]>
2024-08-20 19:51:01,641 - root - WARNING - response: <Response [400]>
2024-08-20 19:51:01,642 - root - WARNING - Request failed: 400 Client Error: Bad Request for url: https://red-flower-business-data.p.rapidapi.com/business-reviews?business_id=asd&page=1&page_size=4&num_pages=1&sort=NEWEST&language=en. Retrying in 16.00 seconds... (attempt 5/5)
2024-08-20 19:51:01,642 - root - WARNING - Request failed: 400 Client Error: Bad Request for url: https://red-flower-business-data.p.rapidapi.com/business-reviews?business_id=asd&page=1&page_size=4&num_pages=1&sort=NEWEST&language=en. Retrying in 16.00 seconds... (attempt 5/5)
2024-08-20 19:51:01,642 - root - ERROR - Failed to fetch reviews after 5 attempts.
2024-08-20 19:51:01,642 - root - ERROR - Failed to fetch reviews after 5 attempts.
2024-08-20 19:51:01,669 - root - ERROR - Error fetching reviews: name 'publish_job_status' is not defined
2024-08-20 19:51:01,669 - root - ERROR - Error fetching reviews: name 'publish_job_status' is not defined
2024-08-20 19:51:01,688 - root - INFO - Initial onboarding completed for YelpConnector
2024-08-20 19:51:01,688 - root - INFO - Initial onboarding completed for YelpConnector
2024-08-20 19:51:01,698 - werkzeug - INFO - 127.0.0.1 - - [20/Aug/2024 19:51:01] "[35m[1mPOST /reviews HTTP/1.1[0m" 202 -
2024-08-20 19:51:01,698 - werkzeug - INFO - 127.0.0.1 - - [20/Aug/2024 19:51:01] "[35m[1mPOST /reviews HTTP/1.1[0m" 202 -
2024-08-20 19:51:18,341 - werkzeug - INFO - 127.0.0.1 - - [20/Aug/2024 19:51:18] "GET /company_connections?company_id=google HTTP/1.1" 200 -
2024-08-20 19:51:18,341 - werkzeug - INFO - 127.0.0.1 - - [20/Aug/2024 19:51:18] "GET /company_connections?company_id=google HTTP/1.1" 200 -
2024-08-20 19:51:18,366 - werkzeug - INFO - 127.0.0.1 - - [20/Aug/2024 19:51:18] "GET /company_connections?company_id=google HTTP/1.1" 200 -
2024-08-20 19:51:18,366 - werkzeug - INFO - 127.0.0.1 - - [20/Aug/2024 19:51:18] "GET /company_connections?company_id=google HTTP/1.1" 200 -
2024-08-20 19:51:18,379 - werkzeug - INFO - 127.0.0.1 - - [20/Aug/2024 19:51:18] "GET /job_status_webhook?company_id=google HTTP/1.1" 200 -
2024-08-20 19:51:18,379 - werkzeug - INFO - 127.0.0.1 - - [20/Aug/2024 19:51:18] "GET /job_status_webhook?company_id=google HTTP/1.1" 200 -
2024-08-20 19:51:51,754 - werkzeug - INFO -  * Detected change in '/Users/daniel/opinio-services/application.py', reloading
2024-08-20 19:51:51,754 - werkzeug - INFO -  * Detected change in '/Users/daniel/opinio-services/application.py', reloading
2024-08-20 19:52:04,104 - root - INFO - Starting initial onboarding for config MapAttribute(business_id='asd'), fetching 10 reviews
2024-08-20 19:52:04,104 - root - INFO - Starting initial onboarding for config MapAttribute(business_id='asd'), fetching 10 reviews
2024-08-20 19:52:04,135 - root - INFO - No last sync date provided, fetching all reviews.
2024-08-20 19:52:04,135 - root - INFO - No last sync date provided, fetching all reviews.
2024-08-20 19:52:04,135 - root - INFO - Fetching reviews for business_id: asd, company_id: google, last_sync: None, n_reviews: 10, start_offset: 0
2024-08-20 19:52:04,135 - root - INFO - Fetching reviews for business_id: asd, company_id: google, last_sync: None, n_reviews: 10, start_offset: 0
2024-08-20 19:52:04,135 - root - INFO - Fetching page 1 (attempt 1/5)
2024-08-20 19:52:04,135 - root - INFO - Fetching page 1 (attempt 1/5)
2024-08-20 19:52:05,409 - root - WARNING - response: <Response [400]>
2024-08-20 19:52:05,409 - root - WARNING - response: <Response [400]>
2024-08-20 19:52:05,416 - root - WARNING - Request failed: 400 Client Error: Bad Request for url: https://red-flower-business-data.p.rapidapi.com/business-reviews?business_id=asd&page=1&page_size=4&num_pages=1&sort=NEWEST&language=en. Retrying in 1.00 seconds... (attempt 1/5)
2024-08-20 19:52:05,416 - root - WARNING - Request failed: 400 Client Error: Bad Request for url: https://red-flower-business-data.p.rapidapi.com/business-reviews?business_id=asd&page=1&page_size=4&num_pages=1&sort=NEWEST&language=en. Retrying in 1.00 seconds... (attempt 1/5)
2024-08-20 19:52:06,420 - root - INFO - Fetching page 1 (attempt 2/5)
2024-08-20 19:52:06,420 - root - INFO - Fetching page 1 (attempt 2/5)
2024-08-20 19:52:08,205 - root - WARNING - response: <Response [400]>
2024-08-20 19:52:08,205 - root - WARNING - response: <Response [400]>
2024-08-20 19:52:08,206 - root - WARNING - Request failed: 400 Client Error: Bad Request for url: https://red-flower-business-data.p.rapidapi.com/business-reviews?business_id=asd&page=1&page_size=4&num_pages=1&sort=NEWEST&language=en. Retrying in 2.00 seconds... (attempt 2/5)
2024-08-20 19:52:08,206 - root - WARNING - Request failed: 400 Client Error: Bad Request for url: https://red-flower-business-data.p.rapidapi.com/business-reviews?business_id=asd&page=1&page_size=4&num_pages=1&sort=NEWEST&language=en. Retrying in 2.00 seconds... (attempt 2/5)
2024-08-20 19:52:10,212 - root - INFO - Fetching page 1 (attempt 3/5)
2024-08-20 19:52:10,212 - root - INFO - Fetching page 1 (attempt 3/5)
2024-08-20 19:52:11,168 - root - WARNING - response: <Response [400]>
2024-08-20 19:52:11,168 - root - WARNING - response: <Response [400]>
2024-08-20 19:52:11,169 - root - WARNING - Request failed: 400 Client Error: Bad Request for url: https://red-flower-business-data.p.rapidapi.com/business-reviews?business_id=asd&page=1&page_size=4&num_pages=1&sort=NEWEST&language=en. Retrying in 4.00 seconds... (attempt 3/5)
2024-08-20 19:52:11,169 - root - WARNING - Request failed: 400 Client Error: Bad Request for url: https://red-flower-business-data.p.rapidapi.com/business-reviews?business_id=asd&page=1&page_size=4&num_pages=1&sort=NEWEST&language=en. Retrying in 4.00 seconds... (attempt 3/5)
2024-08-20 19:52:15,172 - root - INFO - Fetching page 1 (attempt 4/5)
2024-08-20 19:52:15,172 - root - INFO - Fetching page 1 (attempt 4/5)
2024-08-20 19:52:16,060 - root - WARNING - response: <Response [400]>
2024-08-20 19:52:16,060 - root - WARNING - response: <Response [400]>
2024-08-20 19:52:16,060 - root - WARNING - Request failed: 400 Client Error: Bad Request for url: https://red-flower-business-data.p.rapidapi.com/business-reviews?business_id=asd&page=1&page_size=4&num_pages=1&sort=NEWEST&language=en. Retrying in 8.00 seconds... (attempt 4/5)
2024-08-20 19:52:16,060 - root - WARNING - Request failed: 400 Client Error: Bad Request for url: https://red-flower-business-data.p.rapidapi.com/business-reviews?business_id=asd&page=1&page_size=4&num_pages=1&sort=NEWEST&language=en. Retrying in 8.00 seconds... (attempt 4/5)
2024-08-20 19:52:24,065 - root - INFO - Fetching page 1 (attempt 5/5)
2024-08-20 19:52:24,065 - root - INFO - Fetching page 1 (attempt 5/5)
2024-08-20 19:52:25,532 - root - WARNING - response: <Response [400]>
2024-08-20 19:52:25,532 - root - WARNING - response: <Response [400]>
2024-08-20 19:52:25,534 - root - WARNING - Request failed: 400 Client Error: Bad Request for url: https://red-flower-business-data.p.rapidapi.com/business-reviews?business_id=asd&page=1&page_size=4&num_pages=1&sort=NEWEST&language=en. Retrying in 16.00 seconds... (attempt 5/5)
2024-08-20 19:52:25,534 - root - WARNING - Request failed: 400 Client Error: Bad Request for url: https://red-flower-business-data.p.rapidapi.com/business-reviews?business_id=asd&page=1&page_size=4&num_pages=1&sort=NEWEST&language=en. Retrying in 16.00 seconds... (attempt 5/5)
2024-08-20 19:52:25,534 - root - ERROR - Failed to fetch reviews after 5 attempts.
2024-08-20 19:52:25,534 - root - ERROR - Failed to fetch reviews after 5 attempts.
2024-08-20 19:52:25,572 - root - ERROR - Error fetching reviews: name 'publish_job_status' is not defined
2024-08-20 19:52:25,572 - root - ERROR - Error fetching reviews: name 'publish_job_status' is not defined
2024-08-20 19:52:25,586 - root - INFO - Initial onboarding completed for YelpConnector
2024-08-20 19:52:25,586 - root - INFO - Initial onboarding completed for YelpConnector
2024-08-20 19:52:25,598 - werkzeug - INFO - 127.0.0.1 - - [20/Aug/2024 19:52:25] "[35m[1mPOST /reviews HTTP/1.1[0m" 202 -
2024-08-20 19:52:25,598 - werkzeug - INFO - 127.0.0.1 - - [20/Aug/2024 19:52:25] "[35m[1mPOST /reviews HTTP/1.1[0m" 202 -
2024-08-20 19:52:43,413 - werkzeug - INFO -  * Detected change in '/Users/daniel/opinio-services/connectors/worker_tasks.py', reloading
2024-08-20 19:52:43,413 - werkzeug - INFO -  * Detected change in '/Users/daniel/opinio-services/connectors/worker_tasks.py', reloading
